<?xml version="1.0" encoding="UTF-8"?>
<testsuite xmlns:xsi="http://www.w3.org/2001/XMLSchema-instance" xsi:noNamespaceSchemaLocation="https://maven.apache.org/surefire/maven-surefire-plugin/xsd/surefire-test-report-3.0.xsd" version="3.0" name="TestSuite" time="11.852" tests="5" errors="0" skipped="0" failures="0">
  <properties>
    <property name="java.specification.version" value="17"/>
    <property name="sun.cpu.isalist" value="amd64"/>
    <property name="sun.jnu.encoding" value="Cp1252"/>
    <property name="java.class.path" value="C:\Users\nikhil.kharkhodia\Desktop\APIAUTOMATION\RestAssured_BDD_Framework_Design\target\test-classes;C:\Users\nikhil.kharkhodia\Desktop\APIAUTOMATION\RestAssured_BDD_Framework_Design\target\classes;C:\Users\nikhil.kharkhodia\.m2\repository\io\rest-assured\rest-assured\5.5.0\rest-assured-5.5.0.jar;C:\Users\nikhil.kharkhodia\.m2\repository\org\apache\groovy\groovy\4.0.22\groovy-4.0.22.jar;C:\Users\nikhil.kharkhodia\.m2\repository\org\apache\groovy\groovy-xml\4.0.22\groovy-xml-4.0.22.jar;C:\Users\nikhil.kharkhodia\.m2\repository\org\apache\httpcomponents\httpclient\4.5.13\httpclient-4.5.13.jar;C:\Users\nikhil.kharkhodia\.m2\repository\org\apache\httpcomponents\httpcore\4.4.13\httpcore-4.4.13.jar;C:\Users\nikhil.kharkhodia\.m2\repository\commons-logging\commons-logging\1.2\commons-logging-1.2.jar;C:\Users\nikhil.kharkhodia\.m2\repository\org\apache\httpcomponents\httpmime\4.5.13\httpmime-4.5.13.jar;C:\Users\nikhil.kharkhodia\.m2\repository\org\hamcrest\hamcrest\2.2\hamcrest-2.2.jar;C:\Users\nikhil.kharkhodia\.m2\repository\org\ccil\cowan\tagsoup\tagsoup\1.2.1\tagsoup-1.2.1.jar;C:\Users\nikhil.kharkhodia\.m2\repository\io\rest-assured\json-path\5.5.0\json-path-5.5.0.jar;C:\Users\nikhil.kharkhodia\.m2\repository\org\apache\groovy\groovy-json\4.0.22\groovy-json-4.0.22.jar;C:\Users\nikhil.kharkhodia\.m2\repository\io\rest-assured\rest-assured-common\5.5.0\rest-assured-common-5.5.0.jar;C:\Users\nikhil.kharkhodia\.m2\repository\io\rest-assured\xml-path\5.5.0\xml-path-5.5.0.jar;C:\Users\nikhil.kharkhodia\.m2\repository\com\jayway\jsonpath\json-path\2.9.0\json-path-2.9.0.jar;C:\Users\nikhil.kharkhodia\.m2\repository\net\minidev\json-smart\2.5.0\json-smart-2.5.0.jar;C:\Users\nikhil.kharkhodia\.m2\repository\net\minidev\accessors-smart\2.5.0\accessors-smart-2.5.0.jar;C:\Users\nikhil.kharkhodia\.m2\repository\org\ow2\asm\asm\9.3\asm-9.3.jar;C:\Users\nikhil.kharkhodia\.m2\repository\org\slf4j\slf4j-api\2.0.11\slf4j-api-2.0.11.jar;C:\Users\nikhil.kharkhodia\.m2\repository\org\json\json\20240303\json-20240303.jar;C:\Users\nikhil.kharkhodia\.m2\repository\com\google\code\gson\gson\2.11.0\gson-2.11.0.jar;C:\Users\nikhil.kharkhodia\.m2\repository\com\google\errorprone\error_prone_annotations\2.27.0\error_prone_annotations-2.27.0.jar;C:\Users\nikhil.kharkhodia\.m2\repository\com\github\scribejava\scribejava-apis\8.3.1\scribejava-apis-8.3.1.jar;C:\Users\nikhil.kharkhodia\.m2\repository\com\github\scribejava\scribejava-core\8.3.1\scribejava-core-8.3.1.jar;C:\Users\nikhil.kharkhodia\.m2\repository\com\github\scribejava\scribejava-java8\8.3.1\scribejava-java8-8.3.1.jar;C:\Users\nikhil.kharkhodia\.m2\repository\com\fasterxml\jackson\core\jackson-databind\2.12.3\jackson-databind-2.12.3.jar;C:\Users\nikhil.kharkhodia\.m2\repository\com\fasterxml\jackson\core\jackson-annotations\2.12.3\jackson-annotations-2.12.3.jar;C:\Users\nikhil.kharkhodia\.m2\repository\com\fasterxml\jackson\core\jackson-core\2.12.3\jackson-core-2.12.3.jar;C:\Users\nikhil.kharkhodia\.m2\repository\org\testng\testng\7.10.2\testng-7.10.2.jar;C:\Users\nikhil.kharkhodia\.m2\repository\com\beust\jcommander\1.82\jcommander-1.82.jar;C:\Users\nikhil.kharkhodia\.m2\repository\org\webjars\jquery\3.7.1\jquery-3.7.1.jar;C:\Users\nikhil.kharkhodia\.m2\repository\com\github\java-json-tools\json-schema-validator\2.2.14\json-schema-validator-2.2.14.jar;C:\Users\nikhil.kharkhodia\.m2\repository\com\google\guava\guava\28.2-android\guava-28.2-android.jar;C:\Users\nikhil.kharkhodia\.m2\repository\com\google\guava\failureaccess\1.0.1\failureaccess-1.0.1.jar;C:\Users\nikhil.kharkhodia\.m2\repository\com\google\guava\listenablefuture\9999.0-empty-to-avoid-conflict-with-guava\listenablefuture-9999.0-empty-to-avoid-conflict-with-guava.jar;C:\Users\nikhil.kharkhodia\.m2\repository\org\checkerframework\checker-compat-qual\2.5.5\checker-compat-qual-2.5.5.jar;C:\Users\nikhil.kharkhodia\.m2\repository\com\google\j2objc\j2objc-annotations\1.3\j2objc-annotations-1.3.jar;C:\Users\nikhil.kharkhodia\.m2\repository\com\github\java-json-tools\jackson-coreutils-equivalence\1.0\jackson-coreutils-equivalence-1.0.jar;C:\Users\nikhil.kharkhodia\.m2\repository\com\github\java-json-tools\jackson-coreutils\2.0\jackson-coreutils-2.0.jar;C:\Users\nikhil.kharkhodia\.m2\repository\com\github\java-json-tools\msg-simple\1.2\msg-simple-1.2.jar;C:\Users\nikhil.kharkhodia\.m2\repository\com\github\java-json-tools\btf\1.3\btf-1.3.jar;C:\Users\nikhil.kharkhodia\.m2\repository\com\github\java-json-tools\json-schema-core\1.2.14\json-schema-core-1.2.14.jar;C:\Users\nikhil.kharkhodia\.m2\repository\com\github\java-json-tools\uri-template\0.10\uri-template-0.10.jar;C:\Users\nikhil.kharkhodia\.m2\repository\org\mozilla\rhino\1.7.7.2\rhino-1.7.7.2.jar;C:\Users\nikhil.kharkhodia\.m2\repository\com\sun\mail\mailapi\1.6.2\mailapi-1.6.2.jar;C:\Users\nikhil.kharkhodia\.m2\repository\joda-time\joda-time\2.10.5\joda-time-2.10.5.jar;C:\Users\nikhil.kharkhodia\.m2\repository\com\googlecode\libphonenumber\libphonenumber\8.11.1\libphonenumber-8.11.1.jar;C:\Users\nikhil.kharkhodia\.m2\repository\com\google\code\findbugs\jsr305\3.0.2\jsr305-3.0.2.jar;C:\Users\nikhil.kharkhodia\.m2\repository\net\sf\jopt-simple\jopt-simple\5.0.4\jopt-simple-5.0.4.jar;C:\Users\nikhil.kharkhodia\.m2\repository\xml-apis\xml-apis\1.4.01\xml-apis-1.4.01.jar;C:\Users\nikhil.kharkhodia\.m2\repository\com\aventstack\extentreports\5.0.9\extentreports-5.0.9.jar;C:\Users\nikhil.kharkhodia\.m2\repository\io\reactivex\rxjava3\rxjava\3.0.4\rxjava-3.0.4.jar;C:\Users\nikhil.kharkhodia\.m2\repository\org\reactivestreams\reactive-streams\1.0.3\reactive-streams-1.0.3.jar;C:\Users\nikhil.kharkhodia\.m2\repository\org\freemarker\freemarker\2.3.30\freemarker-2.3.30.jar;C:\Users\nikhil.kharkhodia\.m2\repository\org\apache\poi\poi\5.2.5\poi-5.2.5.jar;C:\Users\nikhil.kharkhodia\.m2\repository\commons-codec\commons-codec\1.16.0\commons-codec-1.16.0.jar;C:\Users\nikhil.kharkhodia\.m2\repository\org\apache\commons\commons-collections4\4.4\commons-collections4-4.4.jar;C:\Users\nikhil.kharkhodia\.m2\repository\org\apache\commons\commons-math3\3.6.1\commons-math3-3.6.1.jar;C:\Users\nikhil.kharkhodia\.m2\repository\commons-io\commons-io\2.15.0\commons-io-2.15.0.jar;C:\Users\nikhil.kharkhodia\.m2\repository\com\zaxxer\SparseBitSet\1.3\SparseBitSet-1.3.jar;C:\Users\nikhil.kharkhodia\.m2\repository\org\apache\poi\poi-ooxml\5.2.5\poi-ooxml-5.2.5.jar;C:\Users\nikhil.kharkhodia\.m2\repository\org\apache\poi\poi-ooxml-lite\5.2.5\poi-ooxml-lite-5.2.5.jar;C:\Users\nikhil.kharkhodia\.m2\repository\org\apache\xmlbeans\xmlbeans\5.2.0\xmlbeans-5.2.0.jar;C:\Users\nikhil.kharkhodia\.m2\repository\org\apache\commons\commons-compress\1.25.0\commons-compress-1.25.0.jar;C:\Users\nikhil.kharkhodia\.m2\repository\com\github\virtuald\curvesapi\1.08\curvesapi-1.08.jar;C:\Users\nikhil.kharkhodia\.m2\repository\com\github\javafaker\javafaker\1.0.2\javafaker-1.0.2.jar;C:\Users\nikhil.kharkhodia\.m2\repository\org\apache\commons\commons-lang3\3.5\commons-lang3-3.5.jar;C:\Users\nikhil.kharkhodia\.m2\repository\org\yaml\snakeyaml\1.23\snakeyaml-1.23-android.jar;C:\Users\nikhil.kharkhodia\.m2\repository\com\github\mifmif\generex\1.0.2\generex-1.0.2.jar;C:\Users\nikhil.kharkhodia\.m2\repository\dk\brics\automaton\automaton\1.11-8\automaton-1.11-8.jar;C:\Users\nikhil.kharkhodia\.m2\repository\org\apache\logging\log4j\log4j-api\2.18.0\log4j-api-2.18.0.jar;C:\Users\nikhil.kharkhodia\.m2\repository\org\apache\logging\log4j\log4j-core\2.18.0\log4j-core-2.18.0.jar;C:\Users\nikhil.kharkhodia\.m2\repository\org\projectlombok\lombok\1.18.30\lombok-1.18.30.jar;"/>
    <property name="java.vm.vendor" value="Oracle Corporation"/>
    <property name="sun.arch.data.model" value="64"/>
    <property name="user.variant" value=""/>
    <property name="java.vendor.url" value="https://java.oracle.com/"/>
    <property name="user.timezone" value="Asia/Calcutta"/>
    <property name="os.name" value="Windows 10"/>
    <property name="java.vm.specification.version" value="17"/>
    <property name="sun.java.launcher" value="SUN_STANDARD"/>
    <property name="user.country" value="IN"/>
    <property name="sun.boot.library.path" value="C:\Program Files\Java\jdk-17\bin"/>
    <property name="sun.java.command" value="C:\Users\nikhil.kharkhodia\AppData\Local\Temp\surefire16414655231735567634\surefirebooter-20250110235912973_3.jar C:\Users\nikhil.kharkhodia\AppData\Local\Temp\surefire16414655231735567634 2025-01-10T23-59-12_483-jvmRun1 surefire-20250110235912973_1tmp surefire_0-20250110235912973_2tmp"/>
    <property name="jdk.debug" value="release"/>
    <property name="surefire.test.class.path" value="C:\Users\nikhil.kharkhodia\Desktop\APIAUTOMATION\RestAssured_BDD_Framework_Design\target\test-classes;C:\Users\nikhil.kharkhodia\Desktop\APIAUTOMATION\RestAssured_BDD_Framework_Design\target\classes;C:\Users\nikhil.kharkhodia\.m2\repository\io\rest-assured\rest-assured\5.5.0\rest-assured-5.5.0.jar;C:\Users\nikhil.kharkhodia\.m2\repository\org\apache\groovy\groovy\4.0.22\groovy-4.0.22.jar;C:\Users\nikhil.kharkhodia\.m2\repository\org\apache\groovy\groovy-xml\4.0.22\groovy-xml-4.0.22.jar;C:\Users\nikhil.kharkhodia\.m2\repository\org\apache\httpcomponents\httpclient\4.5.13\httpclient-4.5.13.jar;C:\Users\nikhil.kharkhodia\.m2\repository\org\apache\httpcomponents\httpcore\4.4.13\httpcore-4.4.13.jar;C:\Users\nikhil.kharkhodia\.m2\repository\commons-logging\commons-logging\1.2\commons-logging-1.2.jar;C:\Users\nikhil.kharkhodia\.m2\repository\org\apache\httpcomponents\httpmime\4.5.13\httpmime-4.5.13.jar;C:\Users\nikhil.kharkhodia\.m2\repository\org\hamcrest\hamcrest\2.2\hamcrest-2.2.jar;C:\Users\nikhil.kharkhodia\.m2\repository\org\ccil\cowan\tagsoup\tagsoup\1.2.1\tagsoup-1.2.1.jar;C:\Users\nikhil.kharkhodia\.m2\repository\io\rest-assured\json-path\5.5.0\json-path-5.5.0.jar;C:\Users\nikhil.kharkhodia\.m2\repository\org\apache\groovy\groovy-json\4.0.22\groovy-json-4.0.22.jar;C:\Users\nikhil.kharkhodia\.m2\repository\io\rest-assured\rest-assured-common\5.5.0\rest-assured-common-5.5.0.jar;C:\Users\nikhil.kharkhodia\.m2\repository\io\rest-assured\xml-path\5.5.0\xml-path-5.5.0.jar;C:\Users\nikhil.kharkhodia\.m2\repository\com\jayway\jsonpath\json-path\2.9.0\json-path-2.9.0.jar;C:\Users\nikhil.kharkhodia\.m2\repository\net\minidev\json-smart\2.5.0\json-smart-2.5.0.jar;C:\Users\nikhil.kharkhodia\.m2\repository\net\minidev\accessors-smart\2.5.0\accessors-smart-2.5.0.jar;C:\Users\nikhil.kharkhodia\.m2\repository\org\ow2\asm\asm\9.3\asm-9.3.jar;C:\Users\nikhil.kharkhodia\.m2\repository\org\slf4j\slf4j-api\2.0.11\slf4j-api-2.0.11.jar;C:\Users\nikhil.kharkhodia\.m2\repository\org\json\json\20240303\json-20240303.jar;C:\Users\nikhil.kharkhodia\.m2\repository\com\google\code\gson\gson\2.11.0\gson-2.11.0.jar;C:\Users\nikhil.kharkhodia\.m2\repository\com\google\errorprone\error_prone_annotations\2.27.0\error_prone_annotations-2.27.0.jar;C:\Users\nikhil.kharkhodia\.m2\repository\com\github\scribejava\scribejava-apis\8.3.1\scribejava-apis-8.3.1.jar;C:\Users\nikhil.kharkhodia\.m2\repository\com\github\scribejava\scribejava-core\8.3.1\scribejava-core-8.3.1.jar;C:\Users\nikhil.kharkhodia\.m2\repository\com\github\scribejava\scribejava-java8\8.3.1\scribejava-java8-8.3.1.jar;C:\Users\nikhil.kharkhodia\.m2\repository\com\fasterxml\jackson\core\jackson-databind\2.12.3\jackson-databind-2.12.3.jar;C:\Users\nikhil.kharkhodia\.m2\repository\com\fasterxml\jackson\core\jackson-annotations\2.12.3\jackson-annotations-2.12.3.jar;C:\Users\nikhil.kharkhodia\.m2\repository\com\fasterxml\jackson\core\jackson-core\2.12.3\jackson-core-2.12.3.jar;C:\Users\nikhil.kharkhodia\.m2\repository\org\testng\testng\7.10.2\testng-7.10.2.jar;C:\Users\nikhil.kharkhodia\.m2\repository\com\beust\jcommander\1.82\jcommander-1.82.jar;C:\Users\nikhil.kharkhodia\.m2\repository\org\webjars\jquery\3.7.1\jquery-3.7.1.jar;C:\Users\nikhil.kharkhodia\.m2\repository\com\github\java-json-tools\json-schema-validator\2.2.14\json-schema-validator-2.2.14.jar;C:\Users\nikhil.kharkhodia\.m2\repository\com\google\guava\guava\28.2-android\guava-28.2-android.jar;C:\Users\nikhil.kharkhodia\.m2\repository\com\google\guava\failureaccess\1.0.1\failureaccess-1.0.1.jar;C:\Users\nikhil.kharkhodia\.m2\repository\com\google\guava\listenablefuture\9999.0-empty-to-avoid-conflict-with-guava\listenablefuture-9999.0-empty-to-avoid-conflict-with-guava.jar;C:\Users\nikhil.kharkhodia\.m2\repository\org\checkerframework\checker-compat-qual\2.5.5\checker-compat-qual-2.5.5.jar;C:\Users\nikhil.kharkhodia\.m2\repository\com\google\j2objc\j2objc-annotations\1.3\j2objc-annotations-1.3.jar;C:\Users\nikhil.kharkhodia\.m2\repository\com\github\java-json-tools\jackson-coreutils-equivalence\1.0\jackson-coreutils-equivalence-1.0.jar;C:\Users\nikhil.kharkhodia\.m2\repository\com\github\java-json-tools\jackson-coreutils\2.0\jackson-coreutils-2.0.jar;C:\Users\nikhil.kharkhodia\.m2\repository\com\github\java-json-tools\msg-simple\1.2\msg-simple-1.2.jar;C:\Users\nikhil.kharkhodia\.m2\repository\com\github\java-json-tools\btf\1.3\btf-1.3.jar;C:\Users\nikhil.kharkhodia\.m2\repository\com\github\java-json-tools\json-schema-core\1.2.14\json-schema-core-1.2.14.jar;C:\Users\nikhil.kharkhodia\.m2\repository\com\github\java-json-tools\uri-template\0.10\uri-template-0.10.jar;C:\Users\nikhil.kharkhodia\.m2\repository\org\mozilla\rhino\1.7.7.2\rhino-1.7.7.2.jar;C:\Users\nikhil.kharkhodia\.m2\repository\com\sun\mail\mailapi\1.6.2\mailapi-1.6.2.jar;C:\Users\nikhil.kharkhodia\.m2\repository\joda-time\joda-time\2.10.5\joda-time-2.10.5.jar;C:\Users\nikhil.kharkhodia\.m2\repository\com\googlecode\libphonenumber\libphonenumber\8.11.1\libphonenumber-8.11.1.jar;C:\Users\nikhil.kharkhodia\.m2\repository\com\google\code\findbugs\jsr305\3.0.2\jsr305-3.0.2.jar;C:\Users\nikhil.kharkhodia\.m2\repository\net\sf\jopt-simple\jopt-simple\5.0.4\jopt-simple-5.0.4.jar;C:\Users\nikhil.kharkhodia\.m2\repository\xml-apis\xml-apis\1.4.01\xml-apis-1.4.01.jar;C:\Users\nikhil.kharkhodia\.m2\repository\com\aventstack\extentreports\5.0.9\extentreports-5.0.9.jar;C:\Users\nikhil.kharkhodia\.m2\repository\io\reactivex\rxjava3\rxjava\3.0.4\rxjava-3.0.4.jar;C:\Users\nikhil.kharkhodia\.m2\repository\org\reactivestreams\reactive-streams\1.0.3\reactive-streams-1.0.3.jar;C:\Users\nikhil.kharkhodia\.m2\repository\org\freemarker\freemarker\2.3.30\freemarker-2.3.30.jar;C:\Users\nikhil.kharkhodia\.m2\repository\org\apache\poi\poi\5.2.5\poi-5.2.5.jar;C:\Users\nikhil.kharkhodia\.m2\repository\commons-codec\commons-codec\1.16.0\commons-codec-1.16.0.jar;C:\Users\nikhil.kharkhodia\.m2\repository\org\apache\commons\commons-collections4\4.4\commons-collections4-4.4.jar;C:\Users\nikhil.kharkhodia\.m2\repository\org\apache\commons\commons-math3\3.6.1\commons-math3-3.6.1.jar;C:\Users\nikhil.kharkhodia\.m2\repository\commons-io\commons-io\2.15.0\commons-io-2.15.0.jar;C:\Users\nikhil.kharkhodia\.m2\repository\com\zaxxer\SparseBitSet\1.3\SparseBitSet-1.3.jar;C:\Users\nikhil.kharkhodia\.m2\repository\org\apache\poi\poi-ooxml\5.2.5\poi-ooxml-5.2.5.jar;C:\Users\nikhil.kharkhodia\.m2\repository\org\apache\poi\poi-ooxml-lite\5.2.5\poi-ooxml-lite-5.2.5.jar;C:\Users\nikhil.kharkhodia\.m2\repository\org\apache\xmlbeans\xmlbeans\5.2.0\xmlbeans-5.2.0.jar;C:\Users\nikhil.kharkhodia\.m2\repository\org\apache\commons\commons-compress\1.25.0\commons-compress-1.25.0.jar;C:\Users\nikhil.kharkhodia\.m2\repository\com\github\virtuald\curvesapi\1.08\curvesapi-1.08.jar;C:\Users\nikhil.kharkhodia\.m2\repository\com\github\javafaker\javafaker\1.0.2\javafaker-1.0.2.jar;C:\Users\nikhil.kharkhodia\.m2\repository\org\apache\commons\commons-lang3\3.5\commons-lang3-3.5.jar;C:\Users\nikhil.kharkhodia\.m2\repository\org\yaml\snakeyaml\1.23\snakeyaml-1.23-android.jar;C:\Users\nikhil.kharkhodia\.m2\repository\com\github\mifmif\generex\1.0.2\generex-1.0.2.jar;C:\Users\nikhil.kharkhodia\.m2\repository\dk\brics\automaton\automaton\1.11-8\automaton-1.11-8.jar;C:\Users\nikhil.kharkhodia\.m2\repository\org\apache\logging\log4j\log4j-api\2.18.0\log4j-api-2.18.0.jar;C:\Users\nikhil.kharkhodia\.m2\repository\org\apache\logging\log4j\log4j-core\2.18.0\log4j-core-2.18.0.jar;C:\Users\nikhil.kharkhodia\.m2\repository\org\projectlombok\lombok\1.18.30\lombok-1.18.30.jar;"/>
    <property name="sun.cpu.endian" value="little"/>
    <property name="user.home" value="C:\Users\nikhil.kharkhodia"/>
    <property name="user.language" value="en"/>
    <property name="java.specification.vendor" value="Oracle Corporation"/>
    <property name="java.version.date" value="2021-09-14"/>
    <property name="java.home" value="C:\Program Files\Java\jdk-17"/>
    <property name="file.separator" value="\"/>
    <property name="basedir" value="C:\Users\nikhil.kharkhodia\Desktop\APIAUTOMATION\RestAssured_BDD_Framework_Design"/>
    <property name="java.vm.compressedOopsMode" value="Zero based"/>
    <property name="line.separator" value="&#10;"/>
    <property name="java.vm.specification.vendor" value="Oracle Corporation"/>
    <property name="java.specification.name" value="Java Platform API Specification"/>
    <property name="surefire.real.class.path" value="C:\Users\nikhil.kharkhodia\AppData\Local\Temp\surefire16414655231735567634\surefirebooter-20250110235912973_3.jar"/>
    <property name="user.script" value=""/>
    <property name="sun.management.compiler" value="HotSpot 64-Bit Tiered Compilers"/>
    <property name="java.runtime.version" value="17+35-2724"/>
    <property name="user.name" value="nikhil.kharkhodia"/>
    <property name="path.separator" value=";"/>
    <property name="os.version" value="10.0"/>
    <property name="java.runtime.name" value="OpenJDK Runtime Environment"/>
    <property name="file.encoding" value="Cp1252"/>
    <property name="java.vm.name" value="OpenJDK 64-Bit Server VM"/>
    <property name="localRepository" value="C:\Users\nikhil.kharkhodia\.m2\repository"/>
    <property name="java.vendor.url.bug" value="https://bugreport.java.com/bugreport/"/>
    <property name="java.io.tmpdir" value="C:\Users\NIKHIL~1.KHA\AppData\Local\Temp\"/>
    <property name="java.version" value="17"/>
    <property name="user.dir" value="C:\Users\nikhil.kharkhodia\Desktop\APIAUTOMATION\RestAssured_BDD_Framework_Design"/>
    <property name="os.arch" value="amd64"/>
    <property name="java.vm.specification.name" value="Java Virtual Machine Specification"/>
    <property name="sun.os.patch.level" value=""/>
    <property name="native.encoding" value="Cp1252"/>
    <property name="java.library.path" value="C:\Program Files\Java\jdk-17\bin;C:\Windows\Sun\Java\bin;C:\Windows\system32;C:\Windows;C:\Program Files\Java\jdk-17\bin;C:\Program Files (x86)\RSA SecurID Token Common;C:\Program Files\RSA SecurID Token Common;C:\Windows\system32;C:\Windows;C:\Windows\System32\Wbem;C:\Windows\System32\WindowsPowerShell\v1.0\;C:\Windows\System32\OpenSSH\;C:\Program Files\apache-maven-3.8.1\bin;C:\Program Files (x86)\nodejs\;C:\Users\nikhil.kharkhodia\AppData\Local\Programs\Python\Python39;C:\Users\nikhil.kharkhodia\AppData\Local\Programs\Python\Python39\Scripts;C:\Program Files (x86)\PuTTY\;C:\Users\nikhil.kharkhodia\AppData\Local\Microsoft\WindowsApps;C:\Users\nikhil.kharkhodia\AppData\Local\Programs\Git\cmd;C:\Users\nikhil.kharkhodia\AppData\Roaming\npm;."/>
    <property name="java.vm.info" value="mixed mode, sharing"/>
    <property name="java.vendor" value="Oracle Corporation"/>
    <property name="java.vm.version" value="17+35-2724"/>
    <property name="sun.io.unicode.encoding" value="UnicodeLittle"/>
    <property name="java.class.version" value="61.0"/>
  </properties>
  <testcase name="createUser" classname="api.Test.UserTest" time="4.683">
    <system-out><![CDATA[HTTP/1.1 201 Created
Date: Fri, 10 Jan 2025 18:29:03 GMT
Content-Type: application/json; charset=utf-8
Content-Length: 83
Connection: keep-alive
Report-To: {"group":"heroku-nel","max_age":3600,"endpoints":[{"url":"https://nel.heroku.com/reports?ts=1736533743&sid=c4c9725f-1ab0-44d8-820f-430df2718e11&s=BIcWBLoIjngSkNBwp5JJAWKatwqa2Da0N0h91GbD5s0%3D"}]}
Reporting-Endpoints: heroku-nel=https://nel.heroku.com/reports?ts=1736533743&sid=c4c9725f-1ab0-44d8-820f-430df2718e11&s=BIcWBLoIjngSkNBwp5JJAWKatwqa2Da0N0h91GbD5s0%3D
Nel: {"report_to":"heroku-nel","max_age":3600,"success_fraction":0.005,"failure_fraction":0.05,"response_headers":["Via"]}
X-Powered-By: Express
Access-Control-Allow-Origin: *
Etag: W/"53-Uy4JCLAFztC598lp//HmQEbPP6Y"
Via: 1.1 vegur
CF-Cache-Status: DYNAMIC
Server: cloudflare
CF-RAY: 8ffebaf8abb091ca-DEL
server-timing: cfL4;desc="?proto=TCP&rtt=34645&min_rtt=33480&rtt_var=13387&sent=7&recv=7&lost=0&retrans=0&sent_bytes=3107&recv_bytes=850&delivery_rate=114247&cwnd=244&unsent_bytes=0&cid=3f6561fd50c1cc2c&ts=774&x=0"

{
    "name": "Darryl",
    "job": "Stefani",
    "id": "994",
    "createdAt": "2025-01-10T18:29:03.886Z"
}
]]></system-out>
    <system-err><![CDATA[SLF4J(W): No SLF4J providers were found.
SLF4J(W): Defaulting to no-operation (NOP) logger implementation
SLF4J(W): See https://www.slf4j.org/codes.html#noProviders for further details.
]]></system-err>
  </testcase>
  <testcase name="updateUser" classname="api.Test.UserTest" time="0.89">
    <system-out><![CDATA[HTTP/1.1 200 OK
Date: Fri, 10 Jan 2025 18:29:05 GMT
Content-Type: application/json; charset=utf-8
Transfer-Encoding: chunked
Connection: keep-alive
Report-To: {"group":"heroku-nel","max_age":3600,"endpoints":[{"url":"https://nel.heroku.com/reports?ts=1736533745&sid=c4c9725f-1ab0-44d8-820f-430df2718e11&s=i04kvCaoRk7WR1gdENzDsQauU5TbOGPhzAqFvOOXzIQ%3D"}]}
Reporting-Endpoints: heroku-nel=https://nel.heroku.com/reports?ts=1736533745&sid=c4c9725f-1ab0-44d8-820f-430df2718e11&s=i04kvCaoRk7WR1gdENzDsQauU5TbOGPhzAqFvOOXzIQ%3D
Nel: {"report_to":"heroku-nel","max_age":3600,"success_fraction":0.005,"failure_fraction":0.05,"response_headers":["Via"]}
X-Powered-By: Express
Access-Control-Allow-Origin: *
Etag: W/"43-lR55JldORRt+HZG5LRVmX4/viZk"
Via: 1.1 vegur
CF-Cache-Status: DYNAMIC
Vary: Accept-Encoding
Server: cloudflare
CF-RAY: 8ffebb02dbee1b98-DEL
Content-Encoding: gzip
server-timing: cfL4;desc="?proto=TCP&rtt=270336&min_rtt=30041&rtt_var=156153&sent=5&recv=6&lost=0&retrans=0&sent_bytes=3109&recv_bytes=848&delivery_rate=127325&cwnd=251&unsent_bytes=0&cid=4519ea0943a6dfe8&ts=380&x=0"

{
    "name": "Tom",
    "job": "Britt",
    "updatedAt": "2025-01-10T18:29:05.332Z"
}
]]></system-out>
  </testcase>
  <testcase name="createUser" classname="api.Test.UserTest2" time="0.623">
    <system-out><![CDATA[HTTP/1.1 201 Created
Date: Fri, 10 Jan 2025 18:29:06 GMT
Content-Type: application/json; charset=utf-8
Content-Length: 81
Connection: keep-alive
Report-To: {"group":"heroku-nel","max_age":3600,"endpoints":[{"url":"https://nel.heroku.com/reports?ts=1736533745&sid=c4c9725f-1ab0-44d8-820f-430df2718e11&s=i04kvCaoRk7WR1gdENzDsQauU5TbOGPhzAqFvOOXzIQ%3D"}]}
Reporting-Endpoints: heroku-nel=https://nel.heroku.com/reports?ts=1736533745&sid=c4c9725f-1ab0-44d8-820f-430df2718e11&s=i04kvCaoRk7WR1gdENzDsQauU5TbOGPhzAqFvOOXzIQ%3D
Nel: {"report_to":"heroku-nel","max_age":3600,"success_fraction":0.005,"failure_fraction":0.05,"response_headers":["Via"]}
X-Powered-By: Express
Access-Control-Allow-Origin: *
Etag: W/"51-RgLybkD0gAdMGASYzj63+dm34sw"
Via: 1.1 vegur
CF-Cache-Status: DYNAMIC
Server: cloudflare
CF-RAY: 8ffebb068ab191b8-DEL
server-timing: cfL4;desc="?proto=TCP&rtt=25912&min_rtt=25493&rtt_var=10399&sent=5&recv=6&lost=0&retrans=0&sent_bytes=3107&recv_bytes=848&delivery_rate=132573&cwnd=252&unsent_bytes=0&cid=1bfc0b21946014ee&ts=392&x=0"

{
    "name": "Edmond",
    "job": "Genna",
    "id": "462",
    "createdAt": "2025-01-10T18:29:05.933Z"
}
]]></system-out>
  </testcase>
  <testcase name="updateUser" classname="api.Test.UserTest2" time="0.805">
    <system-out><![CDATA[HTTP/1.1 200 OK
Date: Fri, 10 Jan 2025 18:29:06 GMT
Content-Type: application/json; charset=utf-8
Transfer-Encoding: chunked
Connection: keep-alive
Report-To: {"group":"heroku-nel","max_age":3600,"endpoints":[{"url":"https://nel.heroku.com/reports?ts=1736533746&sid=c4c9725f-1ab0-44d8-820f-430df2718e11&s=R9vduEnfO0N806n0ssk8%2B46ryQeHDox5KRm%2F5vCi5os%3D"}]}
Reporting-Endpoints: heroku-nel=https://nel.heroku.com/reports?ts=1736533746&sid=c4c9725f-1ab0-44d8-820f-430df2718e11&s=R9vduEnfO0N806n0ssk8%2B46ryQeHDox5KRm%2F5vCi5os%3D
Nel: {"report_to":"heroku-nel","max_age":3600,"success_fraction":0.005,"failure_fraction":0.05,"response_headers":["Via"]}
X-Powered-By: Express
Access-Control-Allow-Origin: *
Etag: W/"46-TIuUic45XVOs2MIjWZ/yvldH+2M"
Via: 1.1 vegur
CF-Cache-Status: DYNAMIC
Vary: Accept-Encoding
Server: cloudflare
CF-RAY: 8ffebb0a2e645522-DEL
Content-Encoding: gzip
server-timing: cfL4;desc="?proto=TCP&rtt=34030&min_rtt=27576&rtt_var=14951&sent=5&recv=6&lost=0&retrans=0&sent_bytes=3108&recv_bytes=851&delivery_rate=138707&cwnd=252&unsent_bytes=0&cid=42c67ab211624fd1&ts=541&x=0"

{
    "name": "Mina",
    "job": "Corliss",
    "updatedAt": "2025-01-10T18:29:06.650Z"
}
]]></system-out>
  </testcase>
  <testcase name="setUpData" classname="api.Test.Contacts_CRUD" time="2.953">
    <system-out><![CDATA[HTTP/1.1 200 OK
Server: Cowboy
Report-To: {"group":"heroku-nel","max_age":3600,"endpoints":[{"url":"https://nel.heroku.com/reports?ts=1736533749&sid=af571f24-03ee-46d1-9f90-ab9030c2c74c&s=E1CAT8BFvXCOniHppOxwr9u0oZdEBssl768xyp1eaLQ%3D"}]}
Reporting-Endpoints: heroku-nel=https://nel.heroku.com/reports?ts=1736533749&sid=af571f24-03ee-46d1-9f90-ab9030c2c74c&s=E1CAT8BFvXCOniHppOxwr9u0oZdEBssl768xyp1eaLQ%3D
Nel: {"report_to":"heroku-nel","max_age":3600,"success_fraction":0.005,"failure_fraction":0.05,"response_headers":["Via"]}
Connection: keep-alive
X-Powered-By: Express
Set-Cookie: token=eyJhbGciOiJIUzI1NiIsInR5cCI6IkpXVCJ9.eyJfaWQiOiI2NzgxNTRiNWZlMTgxMzAwMTM2YjhhZDEiLCJpYXQiOjE3MzY1MzM3NDl9.jZhM8cdDCZyZ7ld36fyO-FIjUBFHudl0RdM-Gh0ntmE; Max-Age=36000; Path=/; Expires=Sat, 11 Jan 2025 04:29:09 GMT
Content-Type: application/json; charset=utf-8
Content-Length: 295
Etag: W/"127-CJbVqtBCldanH8xIkcfYXX8OvGM"
Date: Fri, 10 Jan 2025 18:29:09 GMT
Via: 1.1 vegur

{
    "user": {
        "_id": "678154b5fe181300136b8ad1",
        "firstName": "Nikhil",
        "lastName": "Kharkhodia",
        "email": "nikhil.kharkhodia@gmail.com",
        "__v": 10
    },
    "token": "eyJhbGciOiJIUzI1NiIsInR5cCI6IkpXVCJ9.eyJfaWQiOiI2NzgxNTRiNWZlMTgxMzAwMTM2YjhhZDEiLCJpYXQiOjE3MzY1MzM3NDl9.jZhM8cdDCZyZ7ld36fyO-FIjUBFHudl0RdM-Gh0ntmE"
}
]]></system-out>
  </testcase>
</testsuite>