<?xml version="1.0" encoding="UTF-8"?>
<testsuite xmlns:xsi="http://www.w3.org/2001/XMLSchema-instance" xsi:noNamespaceSchemaLocation="https://maven.apache.org/surefire/maven-surefire-plugin/xsd/surefire-test-report-3.0.xsd" version="3.0" name="TestSuite" time="43.651" tests="10" errors="0" skipped="0" failures="0">
  <properties>
    <property name="java.specification.version" value="17"/>
    <property name="sun.cpu.isalist" value="amd64"/>
    <property name="sun.jnu.encoding" value="Cp1252"/>
    <property name="java.class.path" value="C:\Users\nikhil.kharkhodia\Desktop\APIAUTOMATION\RestAssured_BDD_Framework_Design\target\test-classes;C:\Users\nikhil.kharkhodia\Desktop\APIAUTOMATION\RestAssured_BDD_Framework_Design\target\classes;C:\Users\nikhil.kharkhodia\.m2\repository\io\rest-assured\rest-assured\5.5.0\rest-assured-5.5.0.jar;C:\Users\nikhil.kharkhodia\.m2\repository\org\apache\groovy\groovy\4.0.22\groovy-4.0.22.jar;C:\Users\nikhil.kharkhodia\.m2\repository\org\apache\groovy\groovy-xml\4.0.22\groovy-xml-4.0.22.jar;C:\Users\nikhil.kharkhodia\.m2\repository\org\apache\httpcomponents\httpclient\4.5.13\httpclient-4.5.13.jar;C:\Users\nikhil.kharkhodia\.m2\repository\org\apache\httpcomponents\httpcore\4.4.13\httpcore-4.4.13.jar;C:\Users\nikhil.kharkhodia\.m2\repository\commons-logging\commons-logging\1.2\commons-logging-1.2.jar;C:\Users\nikhil.kharkhodia\.m2\repository\org\apache\httpcomponents\httpmime\4.5.13\httpmime-4.5.13.jar;C:\Users\nikhil.kharkhodia\.m2\repository\org\hamcrest\hamcrest\2.2\hamcrest-2.2.jar;C:\Users\nikhil.kharkhodia\.m2\repository\org\ccil\cowan\tagsoup\tagsoup\1.2.1\tagsoup-1.2.1.jar;C:\Users\nikhil.kharkhodia\.m2\repository\io\rest-assured\json-path\5.5.0\json-path-5.5.0.jar;C:\Users\nikhil.kharkhodia\.m2\repository\org\apache\groovy\groovy-json\4.0.22\groovy-json-4.0.22.jar;C:\Users\nikhil.kharkhodia\.m2\repository\io\rest-assured\rest-assured-common\5.5.0\rest-assured-common-5.5.0.jar;C:\Users\nikhil.kharkhodia\.m2\repository\io\rest-assured\xml-path\5.5.0\xml-path-5.5.0.jar;C:\Users\nikhil.kharkhodia\.m2\repository\com\jayway\jsonpath\json-path\2.9.0\json-path-2.9.0.jar;C:\Users\nikhil.kharkhodia\.m2\repository\net\minidev\json-smart\2.5.0\json-smart-2.5.0.jar;C:\Users\nikhil.kharkhodia\.m2\repository\net\minidev\accessors-smart\2.5.0\accessors-smart-2.5.0.jar;C:\Users\nikhil.kharkhodia\.m2\repository\org\ow2\asm\asm\9.3\asm-9.3.jar;C:\Users\nikhil.kharkhodia\.m2\repository\org\slf4j\slf4j-api\2.0.11\slf4j-api-2.0.11.jar;C:\Users\nikhil.kharkhodia\.m2\repository\org\json\json\20240303\json-20240303.jar;C:\Users\nikhil.kharkhodia\.m2\repository\com\google\code\gson\gson\2.11.0\gson-2.11.0.jar;C:\Users\nikhil.kharkhodia\.m2\repository\com\google\errorprone\error_prone_annotations\2.27.0\error_prone_annotations-2.27.0.jar;C:\Users\nikhil.kharkhodia\.m2\repository\com\github\scribejava\scribejava-apis\8.3.1\scribejava-apis-8.3.1.jar;C:\Users\nikhil.kharkhodia\.m2\repository\com\github\scribejava\scribejava-core\8.3.1\scribejava-core-8.3.1.jar;C:\Users\nikhil.kharkhodia\.m2\repository\com\github\scribejava\scribejava-java8\8.3.1\scribejava-java8-8.3.1.jar;C:\Users\nikhil.kharkhodia\.m2\repository\com\fasterxml\jackson\core\jackson-databind\2.12.3\jackson-databind-2.12.3.jar;C:\Users\nikhil.kharkhodia\.m2\repository\com\fasterxml\jackson\core\jackson-annotations\2.12.3\jackson-annotations-2.12.3.jar;C:\Users\nikhil.kharkhodia\.m2\repository\com\fasterxml\jackson\core\jackson-core\2.12.3\jackson-core-2.12.3.jar;C:\Users\nikhil.kharkhodia\.m2\repository\org\testng\testng\7.10.2\testng-7.10.2.jar;C:\Users\nikhil.kharkhodia\.m2\repository\com\beust\jcommander\1.82\jcommander-1.82.jar;C:\Users\nikhil.kharkhodia\.m2\repository\org\webjars\jquery\3.7.1\jquery-3.7.1.jar;C:\Users\nikhil.kharkhodia\.m2\repository\com\github\java-json-tools\json-schema-validator\2.2.14\json-schema-validator-2.2.14.jar;C:\Users\nikhil.kharkhodia\.m2\repository\com\google\guava\guava\28.2-android\guava-28.2-android.jar;C:\Users\nikhil.kharkhodia\.m2\repository\com\google\guava\failureaccess\1.0.1\failureaccess-1.0.1.jar;C:\Users\nikhil.kharkhodia\.m2\repository\com\google\guava\listenablefuture\9999.0-empty-to-avoid-conflict-with-guava\listenablefuture-9999.0-empty-to-avoid-conflict-with-guava.jar;C:\Users\nikhil.kharkhodia\.m2\repository\org\checkerframework\checker-compat-qual\2.5.5\checker-compat-qual-2.5.5.jar;C:\Users\nikhil.kharkhodia\.m2\repository\com\google\j2objc\j2objc-annotations\1.3\j2objc-annotations-1.3.jar;C:\Users\nikhil.kharkhodia\.m2\repository\com\github\java-json-tools\jackson-coreutils-equivalence\1.0\jackson-coreutils-equivalence-1.0.jar;C:\Users\nikhil.kharkhodia\.m2\repository\com\github\java-json-tools\jackson-coreutils\2.0\jackson-coreutils-2.0.jar;C:\Users\nikhil.kharkhodia\.m2\repository\com\github\java-json-tools\msg-simple\1.2\msg-simple-1.2.jar;C:\Users\nikhil.kharkhodia\.m2\repository\com\github\java-json-tools\btf\1.3\btf-1.3.jar;C:\Users\nikhil.kharkhodia\.m2\repository\com\github\java-json-tools\json-schema-core\1.2.14\json-schema-core-1.2.14.jar;C:\Users\nikhil.kharkhodia\.m2\repository\com\github\java-json-tools\uri-template\0.10\uri-template-0.10.jar;C:\Users\nikhil.kharkhodia\.m2\repository\org\mozilla\rhino\1.7.7.2\rhino-1.7.7.2.jar;C:\Users\nikhil.kharkhodia\.m2\repository\com\sun\mail\mailapi\1.6.2\mailapi-1.6.2.jar;C:\Users\nikhil.kharkhodia\.m2\repository\joda-time\joda-time\2.10.5\joda-time-2.10.5.jar;C:\Users\nikhil.kharkhodia\.m2\repository\com\googlecode\libphonenumber\libphonenumber\8.11.1\libphonenumber-8.11.1.jar;C:\Users\nikhil.kharkhodia\.m2\repository\com\google\code\findbugs\jsr305\3.0.2\jsr305-3.0.2.jar;C:\Users\nikhil.kharkhodia\.m2\repository\net\sf\jopt-simple\jopt-simple\5.0.4\jopt-simple-5.0.4.jar;C:\Users\nikhil.kharkhodia\.m2\repository\xml-apis\xml-apis\1.4.01\xml-apis-1.4.01.jar;C:\Users\nikhil.kharkhodia\.m2\repository\com\aventstack\extentreports\5.0.9\extentreports-5.0.9.jar;C:\Users\nikhil.kharkhodia\.m2\repository\io\reactivex\rxjava3\rxjava\3.0.4\rxjava-3.0.4.jar;C:\Users\nikhil.kharkhodia\.m2\repository\org\reactivestreams\reactive-streams\1.0.3\reactive-streams-1.0.3.jar;C:\Users\nikhil.kharkhodia\.m2\repository\org\freemarker\freemarker\2.3.30\freemarker-2.3.30.jar;C:\Users\nikhil.kharkhodia\.m2\repository\org\apache\poi\poi\5.2.5\poi-5.2.5.jar;C:\Users\nikhil.kharkhodia\.m2\repository\commons-codec\commons-codec\1.16.0\commons-codec-1.16.0.jar;C:\Users\nikhil.kharkhodia\.m2\repository\org\apache\commons\commons-collections4\4.4\commons-collections4-4.4.jar;C:\Users\nikhil.kharkhodia\.m2\repository\org\apache\commons\commons-math3\3.6.1\commons-math3-3.6.1.jar;C:\Users\nikhil.kharkhodia\.m2\repository\commons-io\commons-io\2.15.0\commons-io-2.15.0.jar;C:\Users\nikhil.kharkhodia\.m2\repository\com\zaxxer\SparseBitSet\1.3\SparseBitSet-1.3.jar;C:\Users\nikhil.kharkhodia\.m2\repository\org\apache\poi\poi-ooxml\5.2.5\poi-ooxml-5.2.5.jar;C:\Users\nikhil.kharkhodia\.m2\repository\org\apache\poi\poi-ooxml-lite\5.2.5\poi-ooxml-lite-5.2.5.jar;C:\Users\nikhil.kharkhodia\.m2\repository\org\apache\xmlbeans\xmlbeans\5.2.0\xmlbeans-5.2.0.jar;C:\Users\nikhil.kharkhodia\.m2\repository\org\apache\commons\commons-compress\1.25.0\commons-compress-1.25.0.jar;C:\Users\nikhil.kharkhodia\.m2\repository\com\github\virtuald\curvesapi\1.08\curvesapi-1.08.jar;C:\Users\nikhil.kharkhodia\.m2\repository\com\github\javafaker\javafaker\1.0.2\javafaker-1.0.2.jar;C:\Users\nikhil.kharkhodia\.m2\repository\org\apache\commons\commons-lang3\3.5\commons-lang3-3.5.jar;C:\Users\nikhil.kharkhodia\.m2\repository\org\yaml\snakeyaml\1.23\snakeyaml-1.23-android.jar;C:\Users\nikhil.kharkhodia\.m2\repository\com\github\mifmif\generex\1.0.2\generex-1.0.2.jar;C:\Users\nikhil.kharkhodia\.m2\repository\dk\brics\automaton\automaton\1.11-8\automaton-1.11-8.jar;C:\Users\nikhil.kharkhodia\.m2\repository\org\apache\logging\log4j\log4j-api\2.18.0\log4j-api-2.18.0.jar;C:\Users\nikhil.kharkhodia\.m2\repository\org\apache\logging\log4j\log4j-core\2.18.0\log4j-core-2.18.0.jar;C:\Users\nikhil.kharkhodia\.m2\repository\org\projectlombok\lombok\1.18.30\lombok-1.18.30.jar;"/>
    <property name="java.vm.vendor" value="Oracle Corporation"/>
    <property name="sun.arch.data.model" value="64"/>
    <property name="user.variant" value=""/>
    <property name="java.vendor.url" value="https://java.oracle.com/"/>
    <property name="user.timezone" value="Asia/Calcutta"/>
    <property name="os.name" value="Windows 10"/>
    <property name="java.vm.specification.version" value="17"/>
    <property name="sun.java.launcher" value="SUN_STANDARD"/>
    <property name="user.country" value="IN"/>
    <property name="sun.boot.library.path" value="C:\Program Files\Java\jdk-17\bin"/>
    <property name="sun.java.command" value="C:\Users\nikhil.kharkhodia\AppData\Local\Temp\surefire9294016610963109440\surefirebooter-20250115184707165_3.jar C:\Users\nikhil.kharkhodia\AppData\Local\Temp\surefire9294016610963109440 2025-01-15T18-47-06_033-jvmRun1 surefire-20250115184707165_1tmp surefire_0-20250115184707165_2tmp"/>
    <property name="jdk.debug" value="release"/>
    <property name="surefire.test.class.path" value="C:\Users\nikhil.kharkhodia\Desktop\APIAUTOMATION\RestAssured_BDD_Framework_Design\target\test-classes;C:\Users\nikhil.kharkhodia\Desktop\APIAUTOMATION\RestAssured_BDD_Framework_Design\target\classes;C:\Users\nikhil.kharkhodia\.m2\repository\io\rest-assured\rest-assured\5.5.0\rest-assured-5.5.0.jar;C:\Users\nikhil.kharkhodia\.m2\repository\org\apache\groovy\groovy\4.0.22\groovy-4.0.22.jar;C:\Users\nikhil.kharkhodia\.m2\repository\org\apache\groovy\groovy-xml\4.0.22\groovy-xml-4.0.22.jar;C:\Users\nikhil.kharkhodia\.m2\repository\org\apache\httpcomponents\httpclient\4.5.13\httpclient-4.5.13.jar;C:\Users\nikhil.kharkhodia\.m2\repository\org\apache\httpcomponents\httpcore\4.4.13\httpcore-4.4.13.jar;C:\Users\nikhil.kharkhodia\.m2\repository\commons-logging\commons-logging\1.2\commons-logging-1.2.jar;C:\Users\nikhil.kharkhodia\.m2\repository\org\apache\httpcomponents\httpmime\4.5.13\httpmime-4.5.13.jar;C:\Users\nikhil.kharkhodia\.m2\repository\org\hamcrest\hamcrest\2.2\hamcrest-2.2.jar;C:\Users\nikhil.kharkhodia\.m2\repository\org\ccil\cowan\tagsoup\tagsoup\1.2.1\tagsoup-1.2.1.jar;C:\Users\nikhil.kharkhodia\.m2\repository\io\rest-assured\json-path\5.5.0\json-path-5.5.0.jar;C:\Users\nikhil.kharkhodia\.m2\repository\org\apache\groovy\groovy-json\4.0.22\groovy-json-4.0.22.jar;C:\Users\nikhil.kharkhodia\.m2\repository\io\rest-assured\rest-assured-common\5.5.0\rest-assured-common-5.5.0.jar;C:\Users\nikhil.kharkhodia\.m2\repository\io\rest-assured\xml-path\5.5.0\xml-path-5.5.0.jar;C:\Users\nikhil.kharkhodia\.m2\repository\com\jayway\jsonpath\json-path\2.9.0\json-path-2.9.0.jar;C:\Users\nikhil.kharkhodia\.m2\repository\net\minidev\json-smart\2.5.0\json-smart-2.5.0.jar;C:\Users\nikhil.kharkhodia\.m2\repository\net\minidev\accessors-smart\2.5.0\accessors-smart-2.5.0.jar;C:\Users\nikhil.kharkhodia\.m2\repository\org\ow2\asm\asm\9.3\asm-9.3.jar;C:\Users\nikhil.kharkhodia\.m2\repository\org\slf4j\slf4j-api\2.0.11\slf4j-api-2.0.11.jar;C:\Users\nikhil.kharkhodia\.m2\repository\org\json\json\20240303\json-20240303.jar;C:\Users\nikhil.kharkhodia\.m2\repository\com\google\code\gson\gson\2.11.0\gson-2.11.0.jar;C:\Users\nikhil.kharkhodia\.m2\repository\com\google\errorprone\error_prone_annotations\2.27.0\error_prone_annotations-2.27.0.jar;C:\Users\nikhil.kharkhodia\.m2\repository\com\github\scribejava\scribejava-apis\8.3.1\scribejava-apis-8.3.1.jar;C:\Users\nikhil.kharkhodia\.m2\repository\com\github\scribejava\scribejava-core\8.3.1\scribejava-core-8.3.1.jar;C:\Users\nikhil.kharkhodia\.m2\repository\com\github\scribejava\scribejava-java8\8.3.1\scribejava-java8-8.3.1.jar;C:\Users\nikhil.kharkhodia\.m2\repository\com\fasterxml\jackson\core\jackson-databind\2.12.3\jackson-databind-2.12.3.jar;C:\Users\nikhil.kharkhodia\.m2\repository\com\fasterxml\jackson\core\jackson-annotations\2.12.3\jackson-annotations-2.12.3.jar;C:\Users\nikhil.kharkhodia\.m2\repository\com\fasterxml\jackson\core\jackson-core\2.12.3\jackson-core-2.12.3.jar;C:\Users\nikhil.kharkhodia\.m2\repository\org\testng\testng\7.10.2\testng-7.10.2.jar;C:\Users\nikhil.kharkhodia\.m2\repository\com\beust\jcommander\1.82\jcommander-1.82.jar;C:\Users\nikhil.kharkhodia\.m2\repository\org\webjars\jquery\3.7.1\jquery-3.7.1.jar;C:\Users\nikhil.kharkhodia\.m2\repository\com\github\java-json-tools\json-schema-validator\2.2.14\json-schema-validator-2.2.14.jar;C:\Users\nikhil.kharkhodia\.m2\repository\com\google\guava\guava\28.2-android\guava-28.2-android.jar;C:\Users\nikhil.kharkhodia\.m2\repository\com\google\guava\failureaccess\1.0.1\failureaccess-1.0.1.jar;C:\Users\nikhil.kharkhodia\.m2\repository\com\google\guava\listenablefuture\9999.0-empty-to-avoid-conflict-with-guava\listenablefuture-9999.0-empty-to-avoid-conflict-with-guava.jar;C:\Users\nikhil.kharkhodia\.m2\repository\org\checkerframework\checker-compat-qual\2.5.5\checker-compat-qual-2.5.5.jar;C:\Users\nikhil.kharkhodia\.m2\repository\com\google\j2objc\j2objc-annotations\1.3\j2objc-annotations-1.3.jar;C:\Users\nikhil.kharkhodia\.m2\repository\com\github\java-json-tools\jackson-coreutils-equivalence\1.0\jackson-coreutils-equivalence-1.0.jar;C:\Users\nikhil.kharkhodia\.m2\repository\com\github\java-json-tools\jackson-coreutils\2.0\jackson-coreutils-2.0.jar;C:\Users\nikhil.kharkhodia\.m2\repository\com\github\java-json-tools\msg-simple\1.2\msg-simple-1.2.jar;C:\Users\nikhil.kharkhodia\.m2\repository\com\github\java-json-tools\btf\1.3\btf-1.3.jar;C:\Users\nikhil.kharkhodia\.m2\repository\com\github\java-json-tools\json-schema-core\1.2.14\json-schema-core-1.2.14.jar;C:\Users\nikhil.kharkhodia\.m2\repository\com\github\java-json-tools\uri-template\0.10\uri-template-0.10.jar;C:\Users\nikhil.kharkhodia\.m2\repository\org\mozilla\rhino\1.7.7.2\rhino-1.7.7.2.jar;C:\Users\nikhil.kharkhodia\.m2\repository\com\sun\mail\mailapi\1.6.2\mailapi-1.6.2.jar;C:\Users\nikhil.kharkhodia\.m2\repository\joda-time\joda-time\2.10.5\joda-time-2.10.5.jar;C:\Users\nikhil.kharkhodia\.m2\repository\com\googlecode\libphonenumber\libphonenumber\8.11.1\libphonenumber-8.11.1.jar;C:\Users\nikhil.kharkhodia\.m2\repository\com\google\code\findbugs\jsr305\3.0.2\jsr305-3.0.2.jar;C:\Users\nikhil.kharkhodia\.m2\repository\net\sf\jopt-simple\jopt-simple\5.0.4\jopt-simple-5.0.4.jar;C:\Users\nikhil.kharkhodia\.m2\repository\xml-apis\xml-apis\1.4.01\xml-apis-1.4.01.jar;C:\Users\nikhil.kharkhodia\.m2\repository\com\aventstack\extentreports\5.0.9\extentreports-5.0.9.jar;C:\Users\nikhil.kharkhodia\.m2\repository\io\reactivex\rxjava3\rxjava\3.0.4\rxjava-3.0.4.jar;C:\Users\nikhil.kharkhodia\.m2\repository\org\reactivestreams\reactive-streams\1.0.3\reactive-streams-1.0.3.jar;C:\Users\nikhil.kharkhodia\.m2\repository\org\freemarker\freemarker\2.3.30\freemarker-2.3.30.jar;C:\Users\nikhil.kharkhodia\.m2\repository\org\apache\poi\poi\5.2.5\poi-5.2.5.jar;C:\Users\nikhil.kharkhodia\.m2\repository\commons-codec\commons-codec\1.16.0\commons-codec-1.16.0.jar;C:\Users\nikhil.kharkhodia\.m2\repository\org\apache\commons\commons-collections4\4.4\commons-collections4-4.4.jar;C:\Users\nikhil.kharkhodia\.m2\repository\org\apache\commons\commons-math3\3.6.1\commons-math3-3.6.1.jar;C:\Users\nikhil.kharkhodia\.m2\repository\commons-io\commons-io\2.15.0\commons-io-2.15.0.jar;C:\Users\nikhil.kharkhodia\.m2\repository\com\zaxxer\SparseBitSet\1.3\SparseBitSet-1.3.jar;C:\Users\nikhil.kharkhodia\.m2\repository\org\apache\poi\poi-ooxml\5.2.5\poi-ooxml-5.2.5.jar;C:\Users\nikhil.kharkhodia\.m2\repository\org\apache\poi\poi-ooxml-lite\5.2.5\poi-ooxml-lite-5.2.5.jar;C:\Users\nikhil.kharkhodia\.m2\repository\org\apache\xmlbeans\xmlbeans\5.2.0\xmlbeans-5.2.0.jar;C:\Users\nikhil.kharkhodia\.m2\repository\org\apache\commons\commons-compress\1.25.0\commons-compress-1.25.0.jar;C:\Users\nikhil.kharkhodia\.m2\repository\com\github\virtuald\curvesapi\1.08\curvesapi-1.08.jar;C:\Users\nikhil.kharkhodia\.m2\repository\com\github\javafaker\javafaker\1.0.2\javafaker-1.0.2.jar;C:\Users\nikhil.kharkhodia\.m2\repository\org\apache\commons\commons-lang3\3.5\commons-lang3-3.5.jar;C:\Users\nikhil.kharkhodia\.m2\repository\org\yaml\snakeyaml\1.23\snakeyaml-1.23-android.jar;C:\Users\nikhil.kharkhodia\.m2\repository\com\github\mifmif\generex\1.0.2\generex-1.0.2.jar;C:\Users\nikhil.kharkhodia\.m2\repository\dk\brics\automaton\automaton\1.11-8\automaton-1.11-8.jar;C:\Users\nikhil.kharkhodia\.m2\repository\org\apache\logging\log4j\log4j-api\2.18.0\log4j-api-2.18.0.jar;C:\Users\nikhil.kharkhodia\.m2\repository\org\apache\logging\log4j\log4j-core\2.18.0\log4j-core-2.18.0.jar;C:\Users\nikhil.kharkhodia\.m2\repository\org\projectlombok\lombok\1.18.30\lombok-1.18.30.jar;"/>
    <property name="sun.cpu.endian" value="little"/>
    <property name="user.home" value="C:\Users\nikhil.kharkhodia"/>
    <property name="user.language" value="en"/>
    <property name="java.specification.vendor" value="Oracle Corporation"/>
    <property name="java.version.date" value="2021-09-14"/>
    <property name="java.home" value="C:\Program Files\Java\jdk-17"/>
    <property name="file.separator" value="\"/>
    <property name="basedir" value="C:\Users\nikhil.kharkhodia\Desktop\APIAUTOMATION\RestAssured_BDD_Framework_Design"/>
    <property name="java.vm.compressedOopsMode" value="Zero based"/>
    <property name="line.separator" value="&#10;"/>
    <property name="java.vm.specification.vendor" value="Oracle Corporation"/>
    <property name="java.specification.name" value="Java Platform API Specification"/>
    <property name="surefire.real.class.path" value="C:\Users\nikhil.kharkhodia\AppData\Local\Temp\surefire9294016610963109440\surefirebooter-20250115184707165_3.jar"/>
    <property name="user.script" value=""/>
    <property name="sun.management.compiler" value="HotSpot 64-Bit Tiered Compilers"/>
    <property name="java.runtime.version" value="17+35-2724"/>
    <property name="user.name" value="nikhil.kharkhodia"/>
    <property name="path.separator" value=";"/>
    <property name="os.version" value="10.0"/>
    <property name="java.runtime.name" value="OpenJDK Runtime Environment"/>
    <property name="file.encoding" value="Cp1252"/>
    <property name="java.vm.name" value="OpenJDK 64-Bit Server VM"/>
    <property name="localRepository" value="C:\Users\nikhil.kharkhodia\.m2\repository"/>
    <property name="java.vendor.url.bug" value="https://bugreport.java.com/bugreport/"/>
    <property name="java.io.tmpdir" value="C:\Users\NIKHIL~1.KHA\AppData\Local\Temp\"/>
    <property name="java.version" value="17"/>
    <property name="user.dir" value="C:\Users\nikhil.kharkhodia\Desktop\APIAUTOMATION\RestAssured_BDD_Framework_Design"/>
    <property name="os.arch" value="amd64"/>
    <property name="java.vm.specification.name" value="Java Virtual Machine Specification"/>
    <property name="sun.os.patch.level" value=""/>
    <property name="native.encoding" value="Cp1252"/>
    <property name="java.library.path" value="C:\Program Files\Java\jdk-17\bin;C:\Windows\Sun\Java\bin;C:\Windows\system32;C:\Windows;C:\Program Files\Java\jdk-17\bin;C:\Program Files (x86)\RSA SecurID Token Common;C:\Program Files\RSA SecurID Token Common;C:\Windows\system32;C:\Windows;C:\Windows\System32\Wbem;C:\Windows\System32\WindowsPowerShell\v1.0\;C:\Windows\System32\OpenSSH\;C:\Program Files\apache-maven-3.8.1\bin;C:\Program Files (x86)\nodejs\;C:\Users\nikhil.kharkhodia\AppData\Local\Programs\Python\Python39;C:\Users\nikhil.kharkhodia\AppData\Local\Programs\Python\Python39\Scripts;C:\Program Files (x86)\PuTTY\;C:\Users\nikhil.kharkhodia\AppData\Local\Microsoft\WindowsApps;C:\Users\nikhil.kharkhodia\AppData\Local\Programs\Git\cmd;C:\Users\nikhil.kharkhodia\AppData\Roaming\npm;."/>
    <property name="java.vm.info" value="mixed mode, sharing"/>
    <property name="java.vendor" value="Oracle Corporation"/>
    <property name="java.vm.version" value="17+35-2724"/>
    <property name="sun.io.unicode.encoding" value="UnicodeLittle"/>
    <property name="java.class.version" value="61.0"/>
  </properties>
  <testcase name="createUser" classname="api.Test.UserTest" time="11.976">
    <system-out><![CDATA[HTTP/1.1 200 OK
Server: Cowboy
Report-To: {"group":"heroku-nel","max_age":3600,"endpoints":[{"url":"https://nel.heroku.com/reports?ts=1736947029&sid=af571f24-03ee-46d1-9f90-ab9030c2c74c&s=jlsycX6UyaEwqKjEhNVFP2o1nQ%2Fj4Kx1yWGh0F6PKnI%3D"}]}
Reporting-Endpoints: heroku-nel=https://nel.heroku.com/reports?ts=1736947029&sid=af571f24-03ee-46d1-9f90-ab9030c2c74c&s=jlsycX6UyaEwqKjEhNVFP2o1nQ%2Fj4Kx1yWGh0F6PKnI%3D
Nel: {"report_to":"heroku-nel","max_age":3600,"success_fraction":0.005,"failure_fraction":0.05,"response_headers":["Via"]}
Connection: keep-alive
X-Powered-By: Express
Set-Cookie: token=eyJhbGciOiJIUzI1NiIsInR5cCI6IkpXVCJ9.eyJfaWQiOiI2NzgxNTRiNWZlMTgxMzAwMTM2YjhhZDEiLCJpYXQiOjE3MzY5NDcwMjl9.LHSU9TS2J6izd595Gu2xUXSGOc6GAfMUSkoB_BD_k-E; Max-Age=36000; Path=/; Expires=Wed, 15 Jan 2025 23:17:09 GMT
Content-Type: application/json; charset=utf-8
Content-Length: 295
Etag: W/"127-sha5p5dobcUvhbACPfLmDj6VPwA"
Date: Wed, 15 Jan 2025 13:17:09 GMT
Via: 1.1 vegur

{
    "user": {
        "_id": "678154b5fe181300136b8ad1",
        "firstName": "Nikhil",
        "lastName": "Kharkhodia",
        "email": "nikhil.kharkhodia@gmail.com",
        "__v": 87
    },
    "token": "eyJhbGciOiJIUzI1NiIsInR5cCI6IkpXVCJ9.eyJfaWQiOiI2NzgxNTRiNWZlMTgxMzAwMTM2YjhhZDEiLCJpYXQiOjE3MzY5NDcwMjl9.LHSU9TS2J6izd595Gu2xUXSGOc6GAfMUSkoB_BD_k-E"
}
HTTP/1.1 201 Created
Date: Wed, 15 Jan 2025 13:17:23 GMT
Content-Type: application/json; charset=utf-8
Content-Length: 81
Connection: keep-alive
Report-To: {"group":"heroku-nel","max_age":3600,"endpoints":[{"url":"https://nel.heroku.com/reports?ts=1736947043&sid=c4c9725f-1ab0-44d8-820f-430df2718e11&s=5RYI13fmpIKsASLpp2oRukJ4ZZsl5%2B4QtR1AvP5RUWo%3D"}]}
Reporting-Endpoints: heroku-nel=https://nel.heroku.com/reports?ts=1736947043&sid=c4c9725f-1ab0-44d8-820f-430df2718e11&s=5RYI13fmpIKsASLpp2oRukJ4ZZsl5%2B4QtR1AvP5RUWo%3D
Nel: {"report_to":"heroku-nel","max_age":3600,"success_fraction":0.005,"failure_fraction":0.05,"response_headers":["Via"]}
X-Powered-By: Express
Access-Control-Allow-Origin: *
Etag: W/"51-eM6tk/9049rzNFwxPhvZjkSiMYA"
Via: 1.1 vegur
CF-Cache-Status: DYNAMIC
Server: cloudflare
CF-RAY: 9026254988225996-DEL
server-timing: cfL4;desc="?proto=TCP&rtt=37321&min_rtt=23877&rtt_var=18557&sent=7&recv=7&lost=0&retrans=0&sent_bytes=3107&recv_bytes=848&delivery_rate=160196&cwnd=252&unsent_bytes=0&cid=837d61e42647d3da&ts=636&x=0"

{
    "name": "Kareem",
    "job": "Alise",
    "id": "206",
    "createdAt": "2025-01-15T13:17:23.194Z"
}
]]></system-out>
    <system-err><![CDATA[SLF4J(W): No SLF4J providers were found.
SLF4J(W): Defaulting to no-operation (NOP) logger implementation
SLF4J(W): See https://www.slf4j.org/codes.html#noProviders for further details.
]]></system-err>
  </testcase>
  <testcase name="updateUser" classname="api.Test.UserTest" time="0.719">
    <system-out><![CDATA[HTTP/1.1 200 OK
Date: Wed, 15 Jan 2025 13:17:24 GMT
Content-Type: application/json; charset=utf-8
Transfer-Encoding: chunked
Connection: keep-alive
Report-To: {"group":"heroku-nel","max_age":3600,"endpoints":[{"url":"https://nel.heroku.com/reports?ts=1736947043&sid=c4c9725f-1ab0-44d8-820f-430df2718e11&s=5RYI13fmpIKsASLpp2oRukJ4ZZsl5%2B4QtR1AvP5RUWo%3D"}]}
Reporting-Endpoints: heroku-nel=https://nel.heroku.com/reports?ts=1736947043&sid=c4c9725f-1ab0-44d8-820f-430df2718e11&s=5RYI13fmpIKsASLpp2oRukJ4ZZsl5%2B4QtR1AvP5RUWo%3D
Nel: {"report_to":"heroku-nel","max_age":3600,"success_fraction":0.005,"failure_fraction":0.05,"response_headers":["Via"]}
X-Powered-By: Express
Access-Control-Allow-Origin: *
Etag: W/"44-Ab0jsXuwem5s7lLx5QQACVmzwdw"
Via: 1.1 vegur
CF-Cache-Status: DYNAMIC
Vary: Accept-Encoding
Server: cloudflare
CF-RAY: 9026254e3a3e59e7-DEL
Content-Encoding: gzip
server-timing: cfL4;desc="?proto=TCP&rtt=46511&min_rtt=23943&rtt_var=24896&sent=5&recv=6&lost=0&retrans=0&sent_bytes=3108&recv_bytes=849&delivery_rate=159754&cwnd=242&unsent_bytes=0&cid=77a723d9be3b250d&ts=496&x=0"

{
    "name": "Kellye",
    "job": "Mao",
    "updatedAt": "2025-01-15T13:17:23.905Z"
}
]]></system-out>
  </testcase>
  <testcase name="createUser" classname="api.Test.UserTest2" time="0.671">
    <system-out><![CDATA[HTTP/1.1 201 Created
Date: Wed, 15 Jan 2025 13:17:24 GMT
Content-Type: application/json; charset=utf-8
Content-Length: 80
Connection: keep-alive
Report-To: {"group":"heroku-nel","max_age":3600,"endpoints":[{"url":"https://nel.heroku.com/reports?ts=1736947044&sid=c4c9725f-1ab0-44d8-820f-430df2718e11&s=7kzNIqCrmcjxEA7D3zlRI82Eu9Pgv2%2FDW5lSbuYUYgY%3D"}]}
Reporting-Endpoints: heroku-nel=https://nel.heroku.com/reports?ts=1736947044&sid=c4c9725f-1ab0-44d8-820f-430df2718e11&s=7kzNIqCrmcjxEA7D3zlRI82Eu9Pgv2%2FDW5lSbuYUYgY%3D
Nel: {"report_to":"heroku-nel","max_age":3600,"success_fraction":0.005,"failure_fraction":0.05,"response_headers":["Via"]}
X-Powered-By: Express
Access-Control-Allow-Origin: *
Etag: W/"50-S/5B1Jqv0wf1JGTTAegNv0HgPFs"
Via: 1.1 vegur
CF-Cache-Status: DYNAMIC
Server: cloudflare
CF-RAY: 90262552dd7e59b1-DEL
server-timing: cfL4;desc="?proto=TCP&rtt=40219&min_rtt=35173&rtt_var=19146&sent=5&recv=6&lost=0&retrans=0&sent_bytes=3107&recv_bytes=847&delivery_rate=59963&cwnd=252&unsent_bytes=0&cid=971ff6598b2e0431&ts=419&x=0"

{
    "name": "Randal",
    "job": "Dian",
    "id": "565",
    "createdAt": "2025-01-15T13:17:24.545Z"
}
]]></system-out>
  </testcase>
  <testcase name="updateUser" classname="api.Test.UserTest2" time="0.621">
    <system-out><![CDATA[HTTP/1.1 200 OK
Date: Wed, 15 Jan 2025 13:17:25 GMT
Content-Type: application/json; charset=utf-8
Transfer-Encoding: chunked
Connection: keep-alive
Report-To: {"group":"heroku-nel","max_age":3600,"endpoints":[{"url":"https://nel.heroku.com/reports?ts=1736947045&sid=c4c9725f-1ab0-44d8-820f-430df2718e11&s=m8BQ4CrIff%2B1F58tHu%2Fvco97Fv33BLxoRqUCUXz9XHU%3D"}]}
Reporting-Endpoints: heroku-nel=https://nel.heroku.com/reports?ts=1736947045&sid=c4c9725f-1ab0-44d8-820f-430df2718e11&s=m8BQ4CrIff%2B1F58tHu%2Fvco97Fv33BLxoRqUCUXz9XHU%3D
Nel: {"report_to":"heroku-nel","max_age":3600,"success_fraction":0.005,"failure_fraction":0.05,"response_headers":["Via"]}
X-Powered-By: Express
Access-Control-Allow-Origin: *
Etag: W/"47-oLSTQZMlw91y19jr5rwKMwXiMlg"
Via: 1.1 vegur
CF-Cache-Status: DYNAMIC
Vary: Accept-Encoding
Server: cloudflare
CF-RAY: 90262556be8c54ec-DEL
Content-Encoding: gzip
server-timing: cfL4;desc="?proto=TCP&rtt=54021&min_rtt=43923&rtt_var=23684&sent=5&recv=6&lost=0&retrans=0&sent_bytes=3107&recv_bytes=852&delivery_rate=87084&cwnd=252&unsent_bytes=0&cid=ff52e3e5d87b1602&ts=494&x=0"

{
    "name": "Jerold",
    "job": "Hiroko",
    "updatedAt": "2025-01-15T13:17:25.229Z"
}
]]></system-out>
  </testcase>
  <testcase name="createUser" classname="api.Test.Contacts_CRUD" time="1.536">
    <system-out><![CDATA[HTTP/1.1 201 Created
Server: Cowboy
Report-To: {"group":"heroku-nel","max_age":3600,"endpoints":[{"url":"https://nel.heroku.com/reports?ts=1736947046&sid=af571f24-03ee-46d1-9f90-ab9030c2c74c&s=kBN1eRr59lt%2B21BrcomMDOup%2FS51936XabqERbvEobA%3D"}]}
Reporting-Endpoints: heroku-nel=https://nel.heroku.com/reports?ts=1736947046&sid=af571f24-03ee-46d1-9f90-ab9030c2c74c&s=kBN1eRr59lt%2B21BrcomMDOup%2FS51936XabqERbvEobA%3D
Nel: {"report_to":"heroku-nel","max_age":3600,"success_fraction":0.005,"failure_fraction":0.05,"response_headers":["Via"]}
Connection: keep-alive
X-Powered-By: Express
Content-Type: application/json; charset=utf-8
Content-Length: 306
Etag: W/"132-w09qUKBtcZ7ofHji6xJuNXGwQ80"
Date: Wed, 15 Jan 2025 13:17:26 GMT
Via: 1.1 vegur

{
    "_id": "6787b566c341f400132dd5cb",
    "lastName": "White",
    "birthdate": "1986-10-08",
    "email": "coleen.kutch@gmail.com",
    "phone": "008161",
    "street1": "5045 Sydney Cliffs",
    "city": "GZB",
    "stateProvince": "UttarPardesh",
    "postalCode": "23713",
    "country": "India",
    "firstName": "Joetta",
    "owner": "678154b5fe181300136b8ad1",
    "__v": 0
}
]]></system-out>
  </testcase>
  <testcase name="viewContact" classname="api.Test.Contacts_CRUD" time="3.045">
    <system-out><![CDATA[HTTP/1.1 200 OK
Server: Cowboy
Report-To: {"group":"heroku-nel","max_age":3600,"endpoints":[{"url":"https://nel.heroku.com/reports?ts=1736947048&sid=af571f24-03ee-46d1-9f90-ab9030c2c74c&s=GpMAb%2FIEUlhKn7JLv%2FoHamHciatELs2CL%2BXyNJG0EoU%3D"}]}
Reporting-Endpoints: heroku-nel=https://nel.heroku.com/reports?ts=1736947048&sid=af571f24-03ee-46d1-9f90-ab9030c2c74c&s=GpMAb%2FIEUlhKn7JLv%2FoHamHciatELs2CL%2BXyNJG0EoU%3D
Nel: {"report_to":"heroku-nel","max_age":3600,"success_fraction":0.005,"failure_fraction":0.05,"response_headers":["Via"]}
Connection: keep-alive
X-Powered-By: Express
Content-Type: application/json; charset=utf-8
Content-Length: 11904
Etag: W/"2e80-HQ+xSTXgnGzjY/jDWunRDrksa50"
Date: Wed, 15 Jan 2025 13:17:28 GMT
Via: 1.1 vegur

[
    {
        "_id": "67834e11f118f40013d13649",
        "lastName": "Bailey",
        "birthdate": "1986-10-08",
        "email": "floria.stamm@hotmail.com",
        "phone": "003281",
        "street1": "943 Schoen Extension",
        "city": "GZB",
        "stateProvince": "UttarPardesh",
        "postalCode": "62504",
        "country": "India",
        "firstName": "Jame",
        "owner": "678154b5fe181300136b8ad1",
        "__v": 0
    },
    {
        "_id": "678398f5b145a900132194ac",
        "lastName": "Barrows",
        "birthdate": "1986-10-08",
        "email": "gwyn.koch@gmail.com",
        "phone": "030202",
        "street1": "8557 Wisozk Stream",
        "city": "GZB",
        "stateProvince": "UttarPardesh",
        "postalCode": "99855",
        "country": "India",
        "firstName": "Young",
        "owner": "678154b5fe181300136b8ad1",
        "__v": 0
    },
    {
        "_id": "6783e9bef118f40013d1389a",
        "lastName": "Barton",
        "birthdate": "1986-10-08",
        "email": "tawnya.moen@gmail.com",
        "phone": "063703",
        "street1": "618 Beahan Knoll",
        "city": "GZB",
        "stateProvince": "UttarPardesh",
        "postalCode": "73153",
        "country": "India",
        "firstName": "Tonette",
        "owner": "678154b5fe181300136b8ad1",
        "__v": 0
    },
    {
        "_id": "67835af3f118f40013d13666",
        "lastName": "Blanda",
        "birthdate": "1986-10-08",
        "email": "hulda.marquardt@hotmail.com",
        "phone": "047642",
        "street1": "64462 Annmarie Bridge",
        "city": "GZB",
        "stateProvince": "UttarPardesh",
        "postalCode": "43401",
        "country": "India",
        "firstName": "Refugio",
        "owner": "678154b5fe181300136b8ad1",
        "__v": 0
    },
    {
        "_id": "678396cbb145a900132194a5",
        "lastName": "Deckow",
        "birthdate": "1986-10-08",
        "email": "carmen.ullrich@hotmail.com",
        "phone": "014572",
        "street1": "9342 Sammie Viaduct",
        "city": "GZB",
        "stateProvince": "UttarPardesh",
        "postalCode": "26741",
        "country": "India",
        "firstName": "Danilo",
        "owner": "678154b5fe181300136b8ad1",
        "__v": 0
    },
    {
        "_id": "67839a7bf118f40013d13739",
        "lastName": "Dibbert",
        "birthdate": "1986-10-08",
        "email": "johnette.windler@yahoo.com",
        "phone": "008338",
        "street1": "365 Zulauf Forks",
        "city": "GZB",
        "stateProvince": "UttarPardesh",
        "postalCode": "83766",
        "country": "India",
        "firstName": "Kristina",
        "owner": "678154b5fe181300136b8ad1",
        "__v": 0
    },
    {
        "_id": "6783ebb6b145a90013219622",
        "lastName": "Gerhold",
        "birthdate": "1986-10-08",
        "email": "laurence.oreilly@hotmail.com",
        "phone": "074044",
        "street1": "3774 Isa Alley",
        "city": "GZB",
        "stateProvince": "UttarPardesh",
        "postalCode": "10634",
        "country": "India",
        "firstName": "Gus",
        "owner": "678154b5fe181300136b8ad1",
        "__v": 0
    },
    {
        "_id": "6783eb49f118f40013d1389f",
        "lastName": "Grimes",
        "birthdate": "1986-10-08",
        "email": "lin.corwin@hotmail.com",
        "phone": "086178",
        "street1": "672 Codi Pines",
        "city": "GZB",
        "stateProvince": "UttarPardesh",
        "postalCode": "01920",
        "country": "India",
        "firstName": "Zulma",
        "owner": "678154b5fe181300136b8ad1",
        "__v": 0
    },
    {
        "_id": "67839b78f118f40013d13754",
        "lastName": "Huels",
        "birthdate": "1986-10-08",
        "email": "marcelle.kshlerin@gmail.com",
        "phone": "044235",
        "street1": "6601 Zemlak Drive",
        "city": "GZB",
        "stateProvince": "UttarPardesh",
        "postalCode": "44233",
        "country": "India",
        "firstName": "Margot",
        "owner": "678154b5fe181300136b8ad1",
        "__v": 0
    },
    {
        "_id": "678155d02acda50013282333",
        "firstName": "Nikhil",
        "lastName": "Kharkhodia",
        "birthdate": "1986-10-08",
        "email": "nikhil.kharkhodia@puresoftware.com",
        "phone": "09990919192",
        "street1": "G-238, Street Number- 3, Govindpuram",
        "city": "Ghaziabad",
        "stateProvince": "UttarPardesh",
        "postalCode": "201013",
        "country": "India",
        "owner": "678154b5fe181300136b8ad1",
        "__v": 0
    },
    {
        "_id": "678155e2fe181300136b8ada",
        "firstName": "Nikhil",
        "lastName": "Kharkhodia",
        "birthdate": "1986-10-08",
        "email": "nikhil.kharkhodia@puresoftware.com",
        "phone": "09990919192",
        "street1": "G-238, Street Number- 3, Govindpuram",
        "city": "Ghaziabad",
        "stateProvince": "UttarPardesh",
        "postalCode": "201013",
        "country": "India",
        "owner": "678154b5fe181300136b8ad1",
        "__v": 0
    },
    {
        "_id": "6782304d537d6400134cec49",
        "firstName": "Nikhil",
        "lastName": "Kharkhodia",
        "birthdate": "1986-10-08",
        "email": "nikhil.kharkhodia@puresoftware.com",
        "phone": "09990919192",
        "street1": "G-238, Street Number- 3, Govindpuram",
        "city": "Ghaziabad",
        "stateProvince": "UttarPardesh",
        "postalCode": "201013",
        "country": "India",
        "owner": "678154b5fe181300136b8ad1",
        "__v": 0
    },
    {
        "_id": "678234f9e431fd0013e44a53",
        "firstName": "Nikhil",
        "lastName": "Kharkhodia",
        "birthdate": "1986-10-08",
        "email": "nikhil.kharkhodia@puresoftware.com",
        "phone": "09990919192",
        "street1": "G-238, Street Number- 3, Govindpuram",
        "city": "Ghaziabad",
        "stateProvince": "UttarPardesh",
        "postalCode": "201013",
        "country": "India",
        "owner": "678154b5fe181300136b8ad1",
        "__v": 0
    },
    {
        "_id": "6782350be431fd0013e44a55",
        "firstName": "Nikhil",
        "lastName": "Kharkhodia",
        "birthdate": "1986-10-08",
        "email": "nikhil.kharkhodia@puresoftware.com",
        "phone": "09990919192",
        "street1": "G-238, Street Number- 3, Govindpuram",
        "city": "Ghaziabad",
        "stateProvince": "UttarPardesh",
        "postalCode": "201013",
        "country": "India",
        "owner": "678154b5fe181300136b8ad1",
        "__v": 0
    },
    {
        "_id": "678237bd537d6400134cec62",
        "firstName": "Nikhil",
        "lastName": "Kharkhodia",
        "birthdate": "1986-10-08",
        "email": "nikhil.kharkhodia@puresoftware.com",
        "phone": "09192",
        "street1": "G-238, Street Number- 3, Govindpuram",
        "city": "Ghaziabad",
        "stateProvince": "UttarPardesh",
        "postalCode": "201013",
        "country": "India",
        "owner": "678154b5fe181300136b8ad1",
        "__v": 0
    },
    {
        "_id": "678239c0e431fd0013e44a61",
        "firstName": "Nikhil",
        "lastName": "Kharkhodia",
        "birthdate": "1986-10-08",
        "email": "nikhil.kharkhodia@puresoftware.com",
        "phone": "09192",
        "street1": "G-238, Street Number- 3, Govindpuram",
        "city": "Ghaziabad",
        "stateProvince": "UttarPardesh",
        "postalCode": "201013",
        "country": "India",
        "owner": "678154b5fe181300136b8ad1",
        "__v": 0
    },
    {
        "_id": "678395c1f118f40013d1372a",
        "lastName": "Kharkhodia",
        "birthdate": "1986-10-09",
        "email": "nikhil.kharkhodia@puresoftware.com",
        "phone": "09990919192",
        "street1": "G-238, Street Number- 3, Govindpuram",
        "city": "Ghaziabad",
        "stateProvince": "UttarPardesh",
        "postalCode": "201013",
        "country": "India",
        "firstName": "Nikhil",
        "owner": "678154b5fe181300136b8ad1",
        "__v": 0,
        "street2": null
    },
    {
        "_id": "6783f7fbf118f40013d138da",
        "firstName": "Nikhil",
        "lastName": "Kharkhodia",
        "birthdate": "1986-10-08",
        "email": "nikhil.kharkhodia@puresoftware.com",
        "phone": "09192",
        "street1": "G-238, Street Number- 3, Govindpuram",
        "city": "Ghaziabad",
        "stateProvince": "UttarPardesh",
        "postalCode": "201013",
        "country": "India",
        "owner": "678154b5fe181300136b8ad1",
        "__v": 0
    },
    {
        "_id": "67839c7ab145a900132194c7",
        "lastName": "Leannon",
        "birthdate": "1986-10-08",
        "email": "cleveland.cremin@gmail.com",
        "phone": "096366",
        "street1": "6024 Parisian Bridge",
        "city": "GZB",
        "stateProvince": "UttarPardesh",
        "postalCode": "01318",
        "country": "India",
        "firstName": "Kristel",
        "owner": "678154b5fe181300136b8ad1",
        "__v": 0
    },
    {
        "_id": "6783a6edb145a9001321950f",
        "lastName": "Lemke",
        "birthdate": "1986-10-08",
        "email": "samatha.dare@yahoo.com",
        "phone": "070441",
        "street1": "690 Grady Junctions",
        "city": "GZB",
        "stateProvince": "UttarPardesh",
        "postalCode": "92950",
        "country": "India",
        "firstName": "Minh",
        "owner": "678154b5fe181300136b8ad1",
        "__v": 0
    },
    {
        "_id": "67834a6ef118f40013d1363d",
        "lastName": "Lesch",
        "birthdate": "1986-10-08",
        "email": "carita.senger@gmail.com",
        "phone": "021137",
        "street1": "63926 Connelly Gateway",
        "city": "GZB",
        "stateProvince": "UttarPardesh",
        "postalCode": "83112",
        "country": "India",
        "firstName": "Moses",
        "owner": "678154b5fe181300136b8ad1",
        "__v": 0
    },
    {
        "_id": "6783a35bf118f40013d137a0",
        "lastName": "McCullough",
        "birthdate": "1986-10-08",
        "email": "kareem.brown@yahoo.com",
        "phone": "088350",
        "street1": "886 Dione Crescent",
        "city": "GZB",
        "stateProvince": "UttarPardesh",
        "postalCode": "03169",
        "country": "India",
        "firstName": "Danika",
        "owner": "678154b5fe181300136b8ad1",
        "__v": 0
    },
    {
        "_id": "67823a67e431fd0013e44a64",
        "lastName": "Medhurst",
        "birthdate": "1986-10-08",
        "email": "opal.kihn@hotmail.com",
        "phone": "071886",
        "street1": "276 Keebler Ports",
        "city": "GZB",
        "stateProvince": "UttarPardesh",
        "postalCode": "57912",
        "country": "India",
        "firstName": "Marta",
        "owner": "678154b5fe181300136b8ad1",
        "__v": 0
    },
    {
        "_id": "678398c5f118f40013d13737",
        "lastName": "Mertz",
        "birthdate": "1986-10-08",
        "email": "reyna.kshlerin@gmail.com",
        "phone": "017172",
        "street1": "59394 Kirby Motorway",
        "city": "GZB",
        "stateProvince": "UttarPardesh",
        "postalCode": "37216",
        "country": "India",
        "firstName": "Jo",
        "owner": "678154b5fe181300136b8ad1",
        "__v": 0
    },
    {
        "_id": "6783a52ab145a9001321950d",
        "lastName": "Pagac",
        "birthdate": "1986-10-08",
        "email": "sadye.grant@yahoo.com",
        "phone": "014500",
        "street1": "080 Rey Forge",
        "city": "GZB",
        "stateProvince": "UttarPardesh",
        "postalCode": "06484",
        "country": "India",
        "firstName": "Malka",
        "owner": "678154b5fe181300136b8ad1",
        "__v": 0
    },
    {
        "_id": "678397c3b145a900132194aa",
        "lastName": "Prohaska",
        "birthdate": "1986-10-08",
        "email": "shelby.reinger@hotmail.com",
        "phone": "009664",
        "street1": "8587 Delmer Groves",
        "city": "GZB",
        "stateProvince": "UttarPardesh",
        "postalCode": "40630",
        "country": "India",
        "firstName": "Shawnda",
        "owner": "678154b5fe181300136b8ad1",
        "__v": 0
    },
    {
        "_id": "6783eeb2f118f40013d138a5",
        "lastName": "Reynolds",
        "birthdate": "1986-10-08",
        "email": "gonzalo.mosciski@hotmail.com",
        "phone": "075733",
        "street1": "1155 Floyd Passage",
        "city": "GZB",
        "stateProvince": "UttarPardesh",
        "postalCode": "22350",
        "country": "India",
        "firstName": "Paige",
        "owner": "678154b5fe181300136b8ad1",
        "__v": 0
    },
    {
        "_id": "67839bb3b145a900132194c3",
        "lastName": "Rohan",
        "birthdate": "1986-10-08",
        "email": "leif.shanahan@gmail.com",
        "phone": "043047",
        "street1": "5113 Mickey Valleys",
        "city": "GZB",
        "stateProvince": "UttarPardesh",
        "postalCode": "04061",
        "country": "India",
        "firstName": "Ward",
        "owner": "678154b5fe181300136b8ad1",
        "__v": 0
    },
    {
        "_id": "6783a2d7f118f40013d1379e",
        "lastName": "Sauer",
        "birthdate": "1986-10-08",
        "email": "jarred.zemlak@gmail.com",
        "phone": "038003",
        "street1": "552 Rachael Isle",
        "city": "GZB",
        "stateProvince": "UttarPardesh",
        "postalCode": "35433",
        "country": "India",
        "firstName": "Jimmy",
        "owner": "678154b5fe181300136b8ad1",
        "__v": 0
    },
    {
        "_id": "6783f317b145a90013219645",
        "lastName": "Swaniawski",
        "birthdate": "1986-10-10",
        "email": "desiree.kunde@hotmail.com",
        "phone": "040811",
        "street1": "29602 Pagac Freeway",
        "city": "Lahor",
        "stateProvince": "Islamabad",
        "postalCode": "60459",
        "country": "Pak",
        "firstName": "Zackary",
        "owner": "678154b5fe181300136b8ad1",
        "__v": 0,
        "street2": null
    },
    {
        "_id": "6783f291b145a90013219642",
        "lastName": "Thiel",
        "birthdate": "1986-10-10",
        "email": "lucina.hyatt@yahoo.com",
        "phone": "010130",
        "street1": "736 Beahan Mountains",
        "city": "Lahor",
        "stateProvince": "Islamabad",
        "postalCode": "77847",
        "country": "Pak",
        "firstName": "Clemencia",
        "owner": "678154b5fe181300136b8ad1",
        "__v": 0,
        "street2": null
    },
    {
        "_id": "6783a43af118f40013d137a8",
        "lastName": "Turcotte",
        "birthdate": "1986-10-08",
        "email": "ned.cummerata@hotmail.com",
        "phone": "015907",
        "street1": "14893 Nienow Canyon",
        "city": "GZB",
        "stateProvince": "UttarPardesh",
        "postalCode": "43653",
        "country": "India",
        "firstName": "Austin",
        "owner": "678154b5fe181300136b8ad1",
        "__v": 0
    },
    {
        "_id": "6783987af118f40013d13735",
        "lastName": "Walker",
        "birthdate": "1986-10-08",
        "email": "colleen.morar@yahoo.com",
        "phone": "041822",
        "street1": "6627 Kreiger Landing",
        "city": "GZB",
        "stateProvince": "UttarPardesh",
        "postalCode": "21211",
        "country": "India",
        "firstName": "Mirna",
        "owner": "678154b5fe181300136b8ad1",
        "__v": 0
    },
    {
        "_id": "6787b566c341f400132dd5cb",
        "lastName": "White",
        "birthdate": "1986-10-08",
        "email": "coleen.kutch@gmail.com",
        "phone": "008161",
        "street1": "5045 Sydney Cliffs",
        "city": "GZB",
        "stateProvince": "UttarPardesh",
        "postalCode": "23713",
        "country": "India",
        "firstName": "Joetta",
        "owner": "678154b5fe181300136b8ad1",
        "__v": 0
    },
    {
        "_id": "67835b7cf118f40013d13668",
        "lastName": "Wilkinson",
        "birthdate": "1986-10-08",
        "email": "thomasina.schneider@gmail.com",
        "phone": "056584",
        "street1": "75995 Sharolyn Union",
        "city": "GZB",
        "stateProvince": "UttarPardesh",
        "postalCode": "07545",
        "country": "India",
        "firstName": "Melanie",
        "owner": "678154b5fe181300136b8ad1",
        "__v": 0
    },
    {
        "_id": "6782382ee431fd0013e44a5a",
        "lastName": "Wyman",
        "birthdate": "1986-10-08",
        "email": "dolores.klein@yahoo.com",
        "phone": "03060",
        "street1": "6017 Teresita Stravenue",
        "city": "GZB",
        "stateProvince": "UttarPardesh",
        "postalCode": "234566",
        "country": "India",
        "firstName": "Rudolf",
        "owner": "678154b5fe181300136b8ad1",
        "__v": 0
    },
    {
        "_id": "67839b18b145a900132194b8",
        "lastName": "Ziemann",
        "birthdate": "1986-10-08",
        "email": "mariel.stark@yahoo.com",
        "phone": "044229",
        "street1": "6423 Runolfsdottir Ville",
        "city": "GZB",
        "stateProvince": "UttarPardesh",
        "postalCode": "04502",
        "country": "India",
        "firstName": "Junior",
        "owner": "678154b5fe181300136b8ad1",
        "__v": 0
    }
]
Found the Valid user Id
]]></system-out>
  </testcase>
  <testcase name="editContactDeatils" classname="api.Test.Contacts_CRUD" time="0.099">
    <system-out><![CDATA[HTTP/1.1 200 OK
Server: Cowboy
Report-To: {"group":"heroku-nel","max_age":3600,"endpoints":[{"url":"https://nel.heroku.com/reports?ts=1736947049&sid=af571f24-03ee-46d1-9f90-ab9030c2c74c&s=uXjSop6aHopwSKZyjacLalFAzXYdWWP1UxYEs4U31uU%3D"}]}
Reporting-Endpoints: heroku-nel=https://nel.heroku.com/reports?ts=1736947049&sid=af571f24-03ee-46d1-9f90-ab9030c2c74c&s=uXjSop6aHopwSKZyjacLalFAzXYdWWP1UxYEs4U31uU%3D
Nel: {"report_to":"heroku-nel","max_age":3600,"success_fraction":0.005,"failure_fraction":0.05,"response_headers":["Via"]}
Connection: keep-alive
X-Powered-By: Express
Content-Type: application/json; charset=utf-8
Content-Length: 319
Etag: W/"13f-XifcxjDCig9t6IwZvV+pvHrD8eE"
Date: Wed, 15 Jan 2025 13:17:29 GMT
Via: 1.1 vegur

{
    "_id": "6787b566c341f400132dd5cb",
    "lastName": "Jaskolski",
    "birthdate": "1986-10-10",
    "email": "lorie.larson@hotmail.com",
    "phone": "035035",
    "street1": "0010 Neil Wall",
    "city": "Lahor",
    "stateProvince": "Islamabad",
    "postalCode": "26524",
    "country": "Pak",
    "firstName": "Keely",
    "owner": "678154b5fe181300136b8ad1",
    "__v": 0,
    "street2": null
}
]]></system-out>
  </testcase>
  <testcase name="viewContactAfterUpdate" classname="api.Test.Contacts_CRUD" time="2.869">
    <system-out><![CDATA[HTTP/1.1 200 OK
Server: Cowboy
Report-To: {"group":"heroku-nel","max_age":3600,"endpoints":[{"url":"https://nel.heroku.com/reports?ts=1736947051&sid=af571f24-03ee-46d1-9f90-ab9030c2c74c&s=mLFyptiSUUp%2BQzn3eubahoXVFKrQ6oURc4ki4%2BfYlm4%3D"}]}
Reporting-Endpoints: heroku-nel=https://nel.heroku.com/reports?ts=1736947051&sid=af571f24-03ee-46d1-9f90-ab9030c2c74c&s=mLFyptiSUUp%2BQzn3eubahoXVFKrQ6oURc4ki4%2BfYlm4%3D
Nel: {"report_to":"heroku-nel","max_age":3600,"success_fraction":0.005,"failure_fraction":0.05,"response_headers":["Via"]}
Connection: keep-alive
X-Powered-By: Express
Content-Type: application/json; charset=utf-8
Content-Length: 11917
Etag: W/"2e8d-O/XBoiQvpQli7+/PlpvEIANyTiw"
Date: Wed, 15 Jan 2025 13:17:31 GMT
Via: 1.1 vegur

[
    {
        "_id": "67834e11f118f40013d13649",
        "lastName": "Bailey",
        "birthdate": "1986-10-08",
        "email": "floria.stamm@hotmail.com",
        "phone": "003281",
        "street1": "943 Schoen Extension",
        "city": "GZB",
        "stateProvince": "UttarPardesh",
        "postalCode": "62504",
        "country": "India",
        "firstName": "Jame",
        "owner": "678154b5fe181300136b8ad1",
        "__v": 0
    },
    {
        "_id": "678398f5b145a900132194ac",
        "lastName": "Barrows",
        "birthdate": "1986-10-08",
        "email": "gwyn.koch@gmail.com",
        "phone": "030202",
        "street1": "8557 Wisozk Stream",
        "city": "GZB",
        "stateProvince": "UttarPardesh",
        "postalCode": "99855",
        "country": "India",
        "firstName": "Young",
        "owner": "678154b5fe181300136b8ad1",
        "__v": 0
    },
    {
        "_id": "6783e9bef118f40013d1389a",
        "lastName": "Barton",
        "birthdate": "1986-10-08",
        "email": "tawnya.moen@gmail.com",
        "phone": "063703",
        "street1": "618 Beahan Knoll",
        "city": "GZB",
        "stateProvince": "UttarPardesh",
        "postalCode": "73153",
        "country": "India",
        "firstName": "Tonette",
        "owner": "678154b5fe181300136b8ad1",
        "__v": 0
    },
    {
        "_id": "67835af3f118f40013d13666",
        "lastName": "Blanda",
        "birthdate": "1986-10-08",
        "email": "hulda.marquardt@hotmail.com",
        "phone": "047642",
        "street1": "64462 Annmarie Bridge",
        "city": "GZB",
        "stateProvince": "UttarPardesh",
        "postalCode": "43401",
        "country": "India",
        "firstName": "Refugio",
        "owner": "678154b5fe181300136b8ad1",
        "__v": 0
    },
    {
        "_id": "678396cbb145a900132194a5",
        "lastName": "Deckow",
        "birthdate": "1986-10-08",
        "email": "carmen.ullrich@hotmail.com",
        "phone": "014572",
        "street1": "9342 Sammie Viaduct",
        "city": "GZB",
        "stateProvince": "UttarPardesh",
        "postalCode": "26741",
        "country": "India",
        "firstName": "Danilo",
        "owner": "678154b5fe181300136b8ad1",
        "__v": 0
    },
    {
        "_id": "67839a7bf118f40013d13739",
        "lastName": "Dibbert",
        "birthdate": "1986-10-08",
        "email": "johnette.windler@yahoo.com",
        "phone": "008338",
        "street1": "365 Zulauf Forks",
        "city": "GZB",
        "stateProvince": "UttarPardesh",
        "postalCode": "83766",
        "country": "India",
        "firstName": "Kristina",
        "owner": "678154b5fe181300136b8ad1",
        "__v": 0
    },
    {
        "_id": "6783ebb6b145a90013219622",
        "lastName": "Gerhold",
        "birthdate": "1986-10-08",
        "email": "laurence.oreilly@hotmail.com",
        "phone": "074044",
        "street1": "3774 Isa Alley",
        "city": "GZB",
        "stateProvince": "UttarPardesh",
        "postalCode": "10634",
        "country": "India",
        "firstName": "Gus",
        "owner": "678154b5fe181300136b8ad1",
        "__v": 0
    },
    {
        "_id": "6783eb49f118f40013d1389f",
        "lastName": "Grimes",
        "birthdate": "1986-10-08",
        "email": "lin.corwin@hotmail.com",
        "phone": "086178",
        "street1": "672 Codi Pines",
        "city": "GZB",
        "stateProvince": "UttarPardesh",
        "postalCode": "01920",
        "country": "India",
        "firstName": "Zulma",
        "owner": "678154b5fe181300136b8ad1",
        "__v": 0
    },
    {
        "_id": "67839b78f118f40013d13754",
        "lastName": "Huels",
        "birthdate": "1986-10-08",
        "email": "marcelle.kshlerin@gmail.com",
        "phone": "044235",
        "street1": "6601 Zemlak Drive",
        "city": "GZB",
        "stateProvince": "UttarPardesh",
        "postalCode": "44233",
        "country": "India",
        "firstName": "Margot",
        "owner": "678154b5fe181300136b8ad1",
        "__v": 0
    },
    {
        "_id": "6787b566c341f400132dd5cb",
        "lastName": "Jaskolski",
        "birthdate": "1986-10-10",
        "email": "lorie.larson@hotmail.com",
        "phone": "035035",
        "street1": "0010 Neil Wall",
        "city": "Lahor",
        "stateProvince": "Islamabad",
        "postalCode": "26524",
        "country": "Pak",
        "firstName": "Keely",
        "owner": "678154b5fe181300136b8ad1",
        "__v": 0,
        "street2": null
    },
    {
        "_id": "678155d02acda50013282333",
        "firstName": "Nikhil",
        "lastName": "Kharkhodia",
        "birthdate": "1986-10-08",
        "email": "nikhil.kharkhodia@puresoftware.com",
        "phone": "09990919192",
        "street1": "G-238, Street Number- 3, Govindpuram",
        "city": "Ghaziabad",
        "stateProvince": "UttarPardesh",
        "postalCode": "201013",
        "country": "India",
        "owner": "678154b5fe181300136b8ad1",
        "__v": 0
    },
    {
        "_id": "678155e2fe181300136b8ada",
        "firstName": "Nikhil",
        "lastName": "Kharkhodia",
        "birthdate": "1986-10-08",
        "email": "nikhil.kharkhodia@puresoftware.com",
        "phone": "09990919192",
        "street1": "G-238, Street Number- 3, Govindpuram",
        "city": "Ghaziabad",
        "stateProvince": "UttarPardesh",
        "postalCode": "201013",
        "country": "India",
        "owner": "678154b5fe181300136b8ad1",
        "__v": 0
    },
    {
        "_id": "6782304d537d6400134cec49",
        "firstName": "Nikhil",
        "lastName": "Kharkhodia",
        "birthdate": "1986-10-08",
        "email": "nikhil.kharkhodia@puresoftware.com",
        "phone": "09990919192",
        "street1": "G-238, Street Number- 3, Govindpuram",
        "city": "Ghaziabad",
        "stateProvince": "UttarPardesh",
        "postalCode": "201013",
        "country": "India",
        "owner": "678154b5fe181300136b8ad1",
        "__v": 0
    },
    {
        "_id": "678234f9e431fd0013e44a53",
        "firstName": "Nikhil",
        "lastName": "Kharkhodia",
        "birthdate": "1986-10-08",
        "email": "nikhil.kharkhodia@puresoftware.com",
        "phone": "09990919192",
        "street1": "G-238, Street Number- 3, Govindpuram",
        "city": "Ghaziabad",
        "stateProvince": "UttarPardesh",
        "postalCode": "201013",
        "country": "India",
        "owner": "678154b5fe181300136b8ad1",
        "__v": 0
    },
    {
        "_id": "6782350be431fd0013e44a55",
        "firstName": "Nikhil",
        "lastName": "Kharkhodia",
        "birthdate": "1986-10-08",
        "email": "nikhil.kharkhodia@puresoftware.com",
        "phone": "09990919192",
        "street1": "G-238, Street Number- 3, Govindpuram",
        "city": "Ghaziabad",
        "stateProvince": "UttarPardesh",
        "postalCode": "201013",
        "country": "India",
        "owner": "678154b5fe181300136b8ad1",
        "__v": 0
    },
    {
        "_id": "678237bd537d6400134cec62",
        "firstName": "Nikhil",
        "lastName": "Kharkhodia",
        "birthdate": "1986-10-08",
        "email": "nikhil.kharkhodia@puresoftware.com",
        "phone": "09192",
        "street1": "G-238, Street Number- 3, Govindpuram",
        "city": "Ghaziabad",
        "stateProvince": "UttarPardesh",
        "postalCode": "201013",
        "country": "India",
        "owner": "678154b5fe181300136b8ad1",
        "__v": 0
    },
    {
        "_id": "678239c0e431fd0013e44a61",
        "firstName": "Nikhil",
        "lastName": "Kharkhodia",
        "birthdate": "1986-10-08",
        "email": "nikhil.kharkhodia@puresoftware.com",
        "phone": "09192",
        "street1": "G-238, Street Number- 3, Govindpuram",
        "city": "Ghaziabad",
        "stateProvince": "UttarPardesh",
        "postalCode": "201013",
        "country": "India",
        "owner": "678154b5fe181300136b8ad1",
        "__v": 0
    },
    {
        "_id": "678395c1f118f40013d1372a",
        "lastName": "Kharkhodia",
        "birthdate": "1986-10-09",
        "email": "nikhil.kharkhodia@puresoftware.com",
        "phone": "09990919192",
        "street1": "G-238, Street Number- 3, Govindpuram",
        "city": "Ghaziabad",
        "stateProvince": "UttarPardesh",
        "postalCode": "201013",
        "country": "India",
        "firstName": "Nikhil",
        "owner": "678154b5fe181300136b8ad1",
        "__v": 0,
        "street2": null
    },
    {
        "_id": "6783f7fbf118f40013d138da",
        "firstName": "Nikhil",
        "lastName": "Kharkhodia",
        "birthdate": "1986-10-08",
        "email": "nikhil.kharkhodia@puresoftware.com",
        "phone": "09192",
        "street1": "G-238, Street Number- 3, Govindpuram",
        "city": "Ghaziabad",
        "stateProvince": "UttarPardesh",
        "postalCode": "201013",
        "country": "India",
        "owner": "678154b5fe181300136b8ad1",
        "__v": 0
    },
    {
        "_id": "67839c7ab145a900132194c7",
        "lastName": "Leannon",
        "birthdate": "1986-10-08",
        "email": "cleveland.cremin@gmail.com",
        "phone": "096366",
        "street1": "6024 Parisian Bridge",
        "city": "GZB",
        "stateProvince": "UttarPardesh",
        "postalCode": "01318",
        "country": "India",
        "firstName": "Kristel",
        "owner": "678154b5fe181300136b8ad1",
        "__v": 0
    },
    {
        "_id": "6783a6edb145a9001321950f",
        "lastName": "Lemke",
        "birthdate": "1986-10-08",
        "email": "samatha.dare@yahoo.com",
        "phone": "070441",
        "street1": "690 Grady Junctions",
        "city": "GZB",
        "stateProvince": "UttarPardesh",
        "postalCode": "92950",
        "country": "India",
        "firstName": "Minh",
        "owner": "678154b5fe181300136b8ad1",
        "__v": 0
    },
    {
        "_id": "67834a6ef118f40013d1363d",
        "lastName": "Lesch",
        "birthdate": "1986-10-08",
        "email": "carita.senger@gmail.com",
        "phone": "021137",
        "street1": "63926 Connelly Gateway",
        "city": "GZB",
        "stateProvince": "UttarPardesh",
        "postalCode": "83112",
        "country": "India",
        "firstName": "Moses",
        "owner": "678154b5fe181300136b8ad1",
        "__v": 0
    },
    {
        "_id": "6783a35bf118f40013d137a0",
        "lastName": "McCullough",
        "birthdate": "1986-10-08",
        "email": "kareem.brown@yahoo.com",
        "phone": "088350",
        "street1": "886 Dione Crescent",
        "city": "GZB",
        "stateProvince": "UttarPardesh",
        "postalCode": "03169",
        "country": "India",
        "firstName": "Danika",
        "owner": "678154b5fe181300136b8ad1",
        "__v": 0
    },
    {
        "_id": "67823a67e431fd0013e44a64",
        "lastName": "Medhurst",
        "birthdate": "1986-10-08",
        "email": "opal.kihn@hotmail.com",
        "phone": "071886",
        "street1": "276 Keebler Ports",
        "city": "GZB",
        "stateProvince": "UttarPardesh",
        "postalCode": "57912",
        "country": "India",
        "firstName": "Marta",
        "owner": "678154b5fe181300136b8ad1",
        "__v": 0
    },
    {
        "_id": "678398c5f118f40013d13737",
        "lastName": "Mertz",
        "birthdate": "1986-10-08",
        "email": "reyna.kshlerin@gmail.com",
        "phone": "017172",
        "street1": "59394 Kirby Motorway",
        "city": "GZB",
        "stateProvince": "UttarPardesh",
        "postalCode": "37216",
        "country": "India",
        "firstName": "Jo",
        "owner": "678154b5fe181300136b8ad1",
        "__v": 0
    },
    {
        "_id": "6783a52ab145a9001321950d",
        "lastName": "Pagac",
        "birthdate": "1986-10-08",
        "email": "sadye.grant@yahoo.com",
        "phone": "014500",
        "street1": "080 Rey Forge",
        "city": "GZB",
        "stateProvince": "UttarPardesh",
        "postalCode": "06484",
        "country": "India",
        "firstName": "Malka",
        "owner": "678154b5fe181300136b8ad1",
        "__v": 0
    },
    {
        "_id": "678397c3b145a900132194aa",
        "lastName": "Prohaska",
        "birthdate": "1986-10-08",
        "email": "shelby.reinger@hotmail.com",
        "phone": "009664",
        "street1": "8587 Delmer Groves",
        "city": "GZB",
        "stateProvince": "UttarPardesh",
        "postalCode": "40630",
        "country": "India",
        "firstName": "Shawnda",
        "owner": "678154b5fe181300136b8ad1",
        "__v": 0
    },
    {
        "_id": "6783eeb2f118f40013d138a5",
        "lastName": "Reynolds",
        "birthdate": "1986-10-08",
        "email": "gonzalo.mosciski@hotmail.com",
        "phone": "075733",
        "street1": "1155 Floyd Passage",
        "city": "GZB",
        "stateProvince": "UttarPardesh",
        "postalCode": "22350",
        "country": "India",
        "firstName": "Paige",
        "owner": "678154b5fe181300136b8ad1",
        "__v": 0
    },
    {
        "_id": "67839bb3b145a900132194c3",
        "lastName": "Rohan",
        "birthdate": "1986-10-08",
        "email": "leif.shanahan@gmail.com",
        "phone": "043047",
        "street1": "5113 Mickey Valleys",
        "city": "GZB",
        "stateProvince": "UttarPardesh",
        "postalCode": "04061",
        "country": "India",
        "firstName": "Ward",
        "owner": "678154b5fe181300136b8ad1",
        "__v": 0
    },
    {
        "_id": "6783a2d7f118f40013d1379e",
        "lastName": "Sauer",
        "birthdate": "1986-10-08",
        "email": "jarred.zemlak@gmail.com",
        "phone": "038003",
        "street1": "552 Rachael Isle",
        "city": "GZB",
        "stateProvince": "UttarPardesh",
        "postalCode": "35433",
        "country": "India",
        "firstName": "Jimmy",
        "owner": "678154b5fe181300136b8ad1",
        "__v": 0
    },
    {
        "_id": "6783f317b145a90013219645",
        "lastName": "Swaniawski",
        "birthdate": "1986-10-10",
        "email": "desiree.kunde@hotmail.com",
        "phone": "040811",
        "street1": "29602 Pagac Freeway",
        "city": "Lahor",
        "stateProvince": "Islamabad",
        "postalCode": "60459",
        "country": "Pak",
        "firstName": "Zackary",
        "owner": "678154b5fe181300136b8ad1",
        "__v": 0,
        "street2": null
    },
    {
        "_id": "6783f291b145a90013219642",
        "lastName": "Thiel",
        "birthdate": "1986-10-10",
        "email": "lucina.hyatt@yahoo.com",
        "phone": "010130",
        "street1": "736 Beahan Mountains",
        "city": "Lahor",
        "stateProvince": "Islamabad",
        "postalCode": "77847",
        "country": "Pak",
        "firstName": "Clemencia",
        "owner": "678154b5fe181300136b8ad1",
        "__v": 0,
        "street2": null
    },
    {
        "_id": "6783a43af118f40013d137a8",
        "lastName": "Turcotte",
        "birthdate": "1986-10-08",
        "email": "ned.cummerata@hotmail.com",
        "phone": "015907",
        "street1": "14893 Nienow Canyon",
        "city": "GZB",
        "stateProvince": "UttarPardesh",
        "postalCode": "43653",
        "country": "India",
        "firstName": "Austin",
        "owner": "678154b5fe181300136b8ad1",
        "__v": 0
    },
    {
        "_id": "6783987af118f40013d13735",
        "lastName": "Walker",
        "birthdate": "1986-10-08",
        "email": "colleen.morar@yahoo.com",
        "phone": "041822",
        "street1": "6627 Kreiger Landing",
        "city": "GZB",
        "stateProvince": "UttarPardesh",
        "postalCode": "21211",
        "country": "India",
        "firstName": "Mirna",
        "owner": "678154b5fe181300136b8ad1",
        "__v": 0
    },
    {
        "_id": "67835b7cf118f40013d13668",
        "lastName": "Wilkinson",
        "birthdate": "1986-10-08",
        "email": "thomasina.schneider@gmail.com",
        "phone": "056584",
        "street1": "75995 Sharolyn Union",
        "city": "GZB",
        "stateProvince": "UttarPardesh",
        "postalCode": "07545",
        "country": "India",
        "firstName": "Melanie",
        "owner": "678154b5fe181300136b8ad1",
        "__v": 0
    },
    {
        "_id": "6782382ee431fd0013e44a5a",
        "lastName": "Wyman",
        "birthdate": "1986-10-08",
        "email": "dolores.klein@yahoo.com",
        "phone": "03060",
        "street1": "6017 Teresita Stravenue",
        "city": "GZB",
        "stateProvince": "UttarPardesh",
        "postalCode": "234566",
        "country": "India",
        "firstName": "Rudolf",
        "owner": "678154b5fe181300136b8ad1",
        "__v": 0
    },
    {
        "_id": "67839b18b145a900132194b8",
        "lastName": "Ziemann",
        "birthdate": "1986-10-08",
        "email": "mariel.stark@yahoo.com",
        "phone": "044229",
        "street1": "6423 Runolfsdottir Ville",
        "city": "GZB",
        "stateProvince": "UttarPardesh",
        "postalCode": "04502",
        "country": "India",
        "firstName": "Junior",
        "owner": "678154b5fe181300136b8ad1",
        "__v": 0
    }
]
Found the Valid user Id
]]></system-out>
  </testcase>
  <testcase name="deleteContact" classname="api.Test.Contacts_CRUD" time="0.064">
    <system-out><![CDATA[HTTP/1.1 200 OK
Server: Cowboy
Report-To: {"group":"heroku-nel","max_age":3600,"endpoints":[{"url":"https://nel.heroku.com/reports?ts=1736947052&sid=af571f24-03ee-46d1-9f90-ab9030c2c74c&s=Ne4v6NX9Suyu%2FRBQxqZMRXdw21bCW8KK1fGJMOibwIM%3D"}]}
Reporting-Endpoints: heroku-nel=https://nel.heroku.com/reports?ts=1736947052&sid=af571f24-03ee-46d1-9f90-ab9030c2c74c&s=Ne4v6NX9Suyu%2FRBQxqZMRXdw21bCW8KK1fGJMOibwIM%3D
Nel: {"report_to":"heroku-nel","max_age":3600,"success_fraction":0.005,"failure_fraction":0.05,"response_headers":["Via"]}
Connection: keep-alive
X-Powered-By: Express
Content-Type: text/html; charset=utf-8
Content-Length: 15
Etag: W/"f-smqnjm2ArsFbkvZ+qy6N7Dow4bQ"
Date: Wed, 15 Jan 2025 13:17:32 GMT
Via: 1.1 vegur

<html>
  <body>Contact deleted</body>
</html>
]]></system-out>
  </testcase>
  <testcase name="viewContactAfterDelete" classname="api.Test.Contacts_CRUD" time="3.265">
    <system-out><![CDATA[HTTP/1.1 200 OK
Server: Cowboy
Report-To: {"group":"heroku-nel","max_age":3600,"endpoints":[{"url":"https://nel.heroku.com/reports?ts=1736947054&sid=af571f24-03ee-46d1-9f90-ab9030c2c74c&s=bJDLardQKqAJKACVkR5fRodfQd%2BrFq4mShpYj08NN7k%3D"}]}
Reporting-Endpoints: heroku-nel=https://nel.heroku.com/reports?ts=1736947054&sid=af571f24-03ee-46d1-9f90-ab9030c2c74c&s=bJDLardQKqAJKACVkR5fRodfQd%2BrFq4mShpYj08NN7k%3D
Nel: {"report_to":"heroku-nel","max_age":3600,"success_fraction":0.005,"failure_fraction":0.05,"response_headers":["Via"]}
Connection: keep-alive
X-Powered-By: Express
Content-Type: application/json; charset=utf-8
Content-Length: 11597
Etag: W/"2d4d-jJWNOmfny86W0nyKmeWpwomEIg4"
Date: Wed, 15 Jan 2025 13:17:34 GMT
Via: 1.1 vegur

[
    {
        "_id": "67834e11f118f40013d13649",
        "lastName": "Bailey",
        "birthdate": "1986-10-08",
        "email": "floria.stamm@hotmail.com",
        "phone": "003281",
        "street1": "943 Schoen Extension",
        "city": "GZB",
        "stateProvince": "UttarPardesh",
        "postalCode": "62504",
        "country": "India",
        "firstName": "Jame",
        "owner": "678154b5fe181300136b8ad1",
        "__v": 0
    },
    {
        "_id": "678398f5b145a900132194ac",
        "lastName": "Barrows",
        "birthdate": "1986-10-08",
        "email": "gwyn.koch@gmail.com",
        "phone": "030202",
        "street1": "8557 Wisozk Stream",
        "city": "GZB",
        "stateProvince": "UttarPardesh",
        "postalCode": "99855",
        "country": "India",
        "firstName": "Young",
        "owner": "678154b5fe181300136b8ad1",
        "__v": 0
    },
    {
        "_id": "6783e9bef118f40013d1389a",
        "lastName": "Barton",
        "birthdate": "1986-10-08",
        "email": "tawnya.moen@gmail.com",
        "phone": "063703",
        "street1": "618 Beahan Knoll",
        "city": "GZB",
        "stateProvince": "UttarPardesh",
        "postalCode": "73153",
        "country": "India",
        "firstName": "Tonette",
        "owner": "678154b5fe181300136b8ad1",
        "__v": 0
    },
    {
        "_id": "67835af3f118f40013d13666",
        "lastName": "Blanda",
        "birthdate": "1986-10-08",
        "email": "hulda.marquardt@hotmail.com",
        "phone": "047642",
        "street1": "64462 Annmarie Bridge",
        "city": "GZB",
        "stateProvince": "UttarPardesh",
        "postalCode": "43401",
        "country": "India",
        "firstName": "Refugio",
        "owner": "678154b5fe181300136b8ad1",
        "__v": 0
    },
    {
        "_id": "678396cbb145a900132194a5",
        "lastName": "Deckow",
        "birthdate": "1986-10-08",
        "email": "carmen.ullrich@hotmail.com",
        "phone": "014572",
        "street1": "9342 Sammie Viaduct",
        "city": "GZB",
        "stateProvince": "UttarPardesh",
        "postalCode": "26741",
        "country": "India",
        "firstName": "Danilo",
        "owner": "678154b5fe181300136b8ad1",
        "__v": 0
    },
    {
        "_id": "67839a7bf118f40013d13739",
        "lastName": "Dibbert",
        "birthdate": "1986-10-08",
        "email": "johnette.windler@yahoo.com",
        "phone": "008338",
        "street1": "365 Zulauf Forks",
        "city": "GZB",
        "stateProvince": "UttarPardesh",
        "postalCode": "83766",
        "country": "India",
        "firstName": "Kristina",
        "owner": "678154b5fe181300136b8ad1",
        "__v": 0
    },
    {
        "_id": "6783ebb6b145a90013219622",
        "lastName": "Gerhold",
        "birthdate": "1986-10-08",
        "email": "laurence.oreilly@hotmail.com",
        "phone": "074044",
        "street1": "3774 Isa Alley",
        "city": "GZB",
        "stateProvince": "UttarPardesh",
        "postalCode": "10634",
        "country": "India",
        "firstName": "Gus",
        "owner": "678154b5fe181300136b8ad1",
        "__v": 0
    },
    {
        "_id": "6783eb49f118f40013d1389f",
        "lastName": "Grimes",
        "birthdate": "1986-10-08",
        "email": "lin.corwin@hotmail.com",
        "phone": "086178",
        "street1": "672 Codi Pines",
        "city": "GZB",
        "stateProvince": "UttarPardesh",
        "postalCode": "01920",
        "country": "India",
        "firstName": "Zulma",
        "owner": "678154b5fe181300136b8ad1",
        "__v": 0
    },
    {
        "_id": "67839b78f118f40013d13754",
        "lastName": "Huels",
        "birthdate": "1986-10-08",
        "email": "marcelle.kshlerin@gmail.com",
        "phone": "044235",
        "street1": "6601 Zemlak Drive",
        "city": "GZB",
        "stateProvince": "UttarPardesh",
        "postalCode": "44233",
        "country": "India",
        "firstName": "Margot",
        "owner": "678154b5fe181300136b8ad1",
        "__v": 0
    },
    {
        "_id": "678155d02acda50013282333",
        "firstName": "Nikhil",
        "lastName": "Kharkhodia",
        "birthdate": "1986-10-08",
        "email": "nikhil.kharkhodia@puresoftware.com",
        "phone": "09990919192",
        "street1": "G-238, Street Number- 3, Govindpuram",
        "city": "Ghaziabad",
        "stateProvince": "UttarPardesh",
        "postalCode": "201013",
        "country": "India",
        "owner": "678154b5fe181300136b8ad1",
        "__v": 0
    },
    {
        "_id": "678155e2fe181300136b8ada",
        "firstName": "Nikhil",
        "lastName": "Kharkhodia",
        "birthdate": "1986-10-08",
        "email": "nikhil.kharkhodia@puresoftware.com",
        "phone": "09990919192",
        "street1": "G-238, Street Number- 3, Govindpuram",
        "city": "Ghaziabad",
        "stateProvince": "UttarPardesh",
        "postalCode": "201013",
        "country": "India",
        "owner": "678154b5fe181300136b8ad1",
        "__v": 0
    },
    {
        "_id": "6782304d537d6400134cec49",
        "firstName": "Nikhil",
        "lastName": "Kharkhodia",
        "birthdate": "1986-10-08",
        "email": "nikhil.kharkhodia@puresoftware.com",
        "phone": "09990919192",
        "street1": "G-238, Street Number- 3, Govindpuram",
        "city": "Ghaziabad",
        "stateProvince": "UttarPardesh",
        "postalCode": "201013",
        "country": "India",
        "owner": "678154b5fe181300136b8ad1",
        "__v": 0
    },
    {
        "_id": "678234f9e431fd0013e44a53",
        "firstName": "Nikhil",
        "lastName": "Kharkhodia",
        "birthdate": "1986-10-08",
        "email": "nikhil.kharkhodia@puresoftware.com",
        "phone": "09990919192",
        "street1": "G-238, Street Number- 3, Govindpuram",
        "city": "Ghaziabad",
        "stateProvince": "UttarPardesh",
        "postalCode": "201013",
        "country": "India",
        "owner": "678154b5fe181300136b8ad1",
        "__v": 0
    },
    {
        "_id": "6782350be431fd0013e44a55",
        "firstName": "Nikhil",
        "lastName": "Kharkhodia",
        "birthdate": "1986-10-08",
        "email": "nikhil.kharkhodia@puresoftware.com",
        "phone": "09990919192",
        "street1": "G-238, Street Number- 3, Govindpuram",
        "city": "Ghaziabad",
        "stateProvince": "UttarPardesh",
        "postalCode": "201013",
        "country": "India",
        "owner": "678154b5fe181300136b8ad1",
        "__v": 0
    },
    {
        "_id": "678237bd537d6400134cec62",
        "firstName": "Nikhil",
        "lastName": "Kharkhodia",
        "birthdate": "1986-10-08",
        "email": "nikhil.kharkhodia@puresoftware.com",
        "phone": "09192",
        "street1": "G-238, Street Number- 3, Govindpuram",
        "city": "Ghaziabad",
        "stateProvince": "UttarPardesh",
        "postalCode": "201013",
        "country": "India",
        "owner": "678154b5fe181300136b8ad1",
        "__v": 0
    },
    {
        "_id": "678239c0e431fd0013e44a61",
        "firstName": "Nikhil",
        "lastName": "Kharkhodia",
        "birthdate": "1986-10-08",
        "email": "nikhil.kharkhodia@puresoftware.com",
        "phone": "09192",
        "street1": "G-238, Street Number- 3, Govindpuram",
        "city": "Ghaziabad",
        "stateProvince": "UttarPardesh",
        "postalCode": "201013",
        "country": "India",
        "owner": "678154b5fe181300136b8ad1",
        "__v": 0
    },
    {
        "_id": "678395c1f118f40013d1372a",
        "lastName": "Kharkhodia",
        "birthdate": "1986-10-09",
        "email": "nikhil.kharkhodia@puresoftware.com",
        "phone": "09990919192",
        "street1": "G-238, Street Number- 3, Govindpuram",
        "city": "Ghaziabad",
        "stateProvince": "UttarPardesh",
        "postalCode": "201013",
        "country": "India",
        "firstName": "Nikhil",
        "owner": "678154b5fe181300136b8ad1",
        "__v": 0,
        "street2": null
    },
    {
        "_id": "6783f7fbf118f40013d138da",
        "firstName": "Nikhil",
        "lastName": "Kharkhodia",
        "birthdate": "1986-10-08",
        "email": "nikhil.kharkhodia@puresoftware.com",
        "phone": "09192",
        "street1": "G-238, Street Number- 3, Govindpuram",
        "city": "Ghaziabad",
        "stateProvince": "UttarPardesh",
        "postalCode": "201013",
        "country": "India",
        "owner": "678154b5fe181300136b8ad1",
        "__v": 0
    },
    {
        "_id": "67839c7ab145a900132194c7",
        "lastName": "Leannon",
        "birthdate": "1986-10-08",
        "email": "cleveland.cremin@gmail.com",
        "phone": "096366",
        "street1": "6024 Parisian Bridge",
        "city": "GZB",
        "stateProvince": "UttarPardesh",
        "postalCode": "01318",
        "country": "India",
        "firstName": "Kristel",
        "owner": "678154b5fe181300136b8ad1",
        "__v": 0
    },
    {
        "_id": "6783a6edb145a9001321950f",
        "lastName": "Lemke",
        "birthdate": "1986-10-08",
        "email": "samatha.dare@yahoo.com",
        "phone": "070441",
        "street1": "690 Grady Junctions",
        "city": "GZB",
        "stateProvince": "UttarPardesh",
        "postalCode": "92950",
        "country": "India",
        "firstName": "Minh",
        "owner": "678154b5fe181300136b8ad1",
        "__v": 0
    },
    {
        "_id": "67834a6ef118f40013d1363d",
        "lastName": "Lesch",
        "birthdate": "1986-10-08",
        "email": "carita.senger@gmail.com",
        "phone": "021137",
        "street1": "63926 Connelly Gateway",
        "city": "GZB",
        "stateProvince": "UttarPardesh",
        "postalCode": "83112",
        "country": "India",
        "firstName": "Moses",
        "owner": "678154b5fe181300136b8ad1",
        "__v": 0
    },
    {
        "_id": "6783a35bf118f40013d137a0",
        "lastName": "McCullough",
        "birthdate": "1986-10-08",
        "email": "kareem.brown@yahoo.com",
        "phone": "088350",
        "street1": "886 Dione Crescent",
        "city": "GZB",
        "stateProvince": "UttarPardesh",
        "postalCode": "03169",
        "country": "India",
        "firstName": "Danika",
        "owner": "678154b5fe181300136b8ad1",
        "__v": 0
    },
    {
        "_id": "67823a67e431fd0013e44a64",
        "lastName": "Medhurst",
        "birthdate": "1986-10-08",
        "email": "opal.kihn@hotmail.com",
        "phone": "071886",
        "street1": "276 Keebler Ports",
        "city": "GZB",
        "stateProvince": "UttarPardesh",
        "postalCode": "57912",
        "country": "India",
        "firstName": "Marta",
        "owner": "678154b5fe181300136b8ad1",
        "__v": 0
    },
    {
        "_id": "678398c5f118f40013d13737",
        "lastName": "Mertz",
        "birthdate": "1986-10-08",
        "email": "reyna.kshlerin@gmail.com",
        "phone": "017172",
        "street1": "59394 Kirby Motorway",
        "city": "GZB",
        "stateProvince": "UttarPardesh",
        "postalCode": "37216",
        "country": "India",
        "firstName": "Jo",
        "owner": "678154b5fe181300136b8ad1",
        "__v": 0
    },
    {
        "_id": "6783a52ab145a9001321950d",
        "lastName": "Pagac",
        "birthdate": "1986-10-08",
        "email": "sadye.grant@yahoo.com",
        "phone": "014500",
        "street1": "080 Rey Forge",
        "city": "GZB",
        "stateProvince": "UttarPardesh",
        "postalCode": "06484",
        "country": "India",
        "firstName": "Malka",
        "owner": "678154b5fe181300136b8ad1",
        "__v": 0
    },
    {
        "_id": "678397c3b145a900132194aa",
        "lastName": "Prohaska",
        "birthdate": "1986-10-08",
        "email": "shelby.reinger@hotmail.com",
        "phone": "009664",
        "street1": "8587 Delmer Groves",
        "city": "GZB",
        "stateProvince": "UttarPardesh",
        "postalCode": "40630",
        "country": "India",
        "firstName": "Shawnda",
        "owner": "678154b5fe181300136b8ad1",
        "__v": 0
    },
    {
        "_id": "6783eeb2f118f40013d138a5",
        "lastName": "Reynolds",
        "birthdate": "1986-10-08",
        "email": "gonzalo.mosciski@hotmail.com",
        "phone": "075733",
        "street1": "1155 Floyd Passage",
        "city": "GZB",
        "stateProvince": "UttarPardesh",
        "postalCode": "22350",
        "country": "India",
        "firstName": "Paige",
        "owner": "678154b5fe181300136b8ad1",
        "__v": 0
    },
    {
        "_id": "67839bb3b145a900132194c3",
        "lastName": "Rohan",
        "birthdate": "1986-10-08",
        "email": "leif.shanahan@gmail.com",
        "phone": "043047",
        "street1": "5113 Mickey Valleys",
        "city": "GZB",
        "stateProvince": "UttarPardesh",
        "postalCode": "04061",
        "country": "India",
        "firstName": "Ward",
        "owner": "678154b5fe181300136b8ad1",
        "__v": 0
    },
    {
        "_id": "6783a2d7f118f40013d1379e",
        "lastName": "Sauer",
        "birthdate": "1986-10-08",
        "email": "jarred.zemlak@gmail.com",
        "phone": "038003",
        "street1": "552 Rachael Isle",
        "city": "GZB",
        "stateProvince": "UttarPardesh",
        "postalCode": "35433",
        "country": "India",
        "firstName": "Jimmy",
        "owner": "678154b5fe181300136b8ad1",
        "__v": 0
    },
    {
        "_id": "6783f317b145a90013219645",
        "lastName": "Swaniawski",
        "birthdate": "1986-10-10",
        "email": "desiree.kunde@hotmail.com",
        "phone": "040811",
        "street1": "29602 Pagac Freeway",
        "city": "Lahor",
        "stateProvince": "Islamabad",
        "postalCode": "60459",
        "country": "Pak",
        "firstName": "Zackary",
        "owner": "678154b5fe181300136b8ad1",
        "__v": 0,
        "street2": null
    },
    {
        "_id": "6783f291b145a90013219642",
        "lastName": "Thiel",
        "birthdate": "1986-10-10",
        "email": "lucina.hyatt@yahoo.com",
        "phone": "010130",
        "street1": "736 Beahan Mountains",
        "city": "Lahor",
        "stateProvince": "Islamabad",
        "postalCode": "77847",
        "country": "Pak",
        "firstName": "Clemencia",
        "owner": "678154b5fe181300136b8ad1",
        "__v": 0,
        "street2": null
    },
    {
        "_id": "6783a43af118f40013d137a8",
        "lastName": "Turcotte",
        "birthdate": "1986-10-08",
        "email": "ned.cummerata@hotmail.com",
        "phone": "015907",
        "street1": "14893 Nienow Canyon",
        "city": "GZB",
        "stateProvince": "UttarPardesh",
        "postalCode": "43653",
        "country": "India",
        "firstName": "Austin",
        "owner": "678154b5fe181300136b8ad1",
        "__v": 0
    },
    {
        "_id": "6783987af118f40013d13735",
        "lastName": "Walker",
        "birthdate": "1986-10-08",
        "email": "colleen.morar@yahoo.com",
        "phone": "041822",
        "street1": "6627 Kreiger Landing",
        "city": "GZB",
        "stateProvince": "UttarPardesh",
        "postalCode": "21211",
        "country": "India",
        "firstName": "Mirna",
        "owner": "678154b5fe181300136b8ad1",
        "__v": 0
    },
    {
        "_id": "67835b7cf118f40013d13668",
        "lastName": "Wilkinson",
        "birthdate": "1986-10-08",
        "email": "thomasina.schneider@gmail.com",
        "phone": "056584",
        "street1": "75995 Sharolyn Union",
        "city": "GZB",
        "stateProvince": "UttarPardesh",
        "postalCode": "07545",
        "country": "India",
        "firstName": "Melanie",
        "owner": "678154b5fe181300136b8ad1",
        "__v": 0
    },
    {
        "_id": "6782382ee431fd0013e44a5a",
        "lastName": "Wyman",
        "birthdate": "1986-10-08",
        "email": "dolores.klein@yahoo.com",
        "phone": "03060",
        "street1": "6017 Teresita Stravenue",
        "city": "GZB",
        "stateProvince": "UttarPardesh",
        "postalCode": "234566",
        "country": "India",
        "firstName": "Rudolf",
        "owner": "678154b5fe181300136b8ad1",
        "__v": 0
    },
    {
        "_id": "67839b18b145a900132194b8",
        "lastName": "Ziemann",
        "birthdate": "1986-10-08",
        "email": "mariel.stark@yahoo.com",
        "phone": "044229",
        "street1": "6423 Runolfsdottir Ville",
        "city": "GZB",
        "stateProvince": "UttarPardesh",
        "postalCode": "04502",
        "country": "India",
        "firstName": "Junior",
        "owner": "678154b5fe181300136b8ad1",
        "__v": 0
    }
]
Deleted the user Contact details
]]></system-out>
  </testcase>
</testsuite>