<?xml version="1.0" encoding="UTF-8"?>
<!-- Generated by org.testng.reporters.JUnitReportReporter -->
<testsuite hostname="Nikhil-LP" failures="0" tests="2" name="api.Test.UserTest" time="4.381" errors="0" timestamp="2025-01-10T22:58:25 IST" skipped="0">
  <testcase classname="api.Test.UserTest" name="createUser" time="3.638"/>
  <testcase classname="api.Test.UserTest" name="updateUser" time="0.743"/>
</testsuite> <!-- api.Test.UserTest -->
