<?xml version="1.0" encoding="UTF-8"?>
<!-- Generated by org.testng.reporters.JUnitReportReporter -->
<testsuite hostname="Nikhil-LP" failures="0" tests="2" name="api.Test.UserTest" time="1.634" errors="0" timestamp="2025-01-19T13:50:31 IST" skipped="0">
  <testcase classname="api.Test.UserTest" name="createUser" time="0.891"/>
  <testcase classname="api.Test.UserTest" name="updateUser" time="0.743"/>
</testsuite> <!-- api.Test.UserTest -->
