<?xml version="1.0" encoding="UTF-8"?>
<!-- Generated by org.testng.reporters.JUnitReportReporter -->
<testsuite hostname="Nikhil-LP" failures="0" tests="2" name="api.Test.UserTest" time="5.482" errors="0" timestamp="2025-01-10T23:59:25 IST" skipped="0">
  <testcase classname="api.Test.UserTest" name="createUser" time="4.672"/>
  <testcase classname="api.Test.UserTest" name="updateUser" time="0.810"/>
</testsuite> <!-- api.Test.UserTest -->
