<?xml version="1.0" encoding="UTF-8"?>
<!-- Generated by org.testng.reporters.JUnitReportReporter -->
<testsuite hostname="Nikhil-LP" failures="0" tests="6" name="api.Test.Contacts_CRUD" time="8.945" errors="0" timestamp="2025-01-15T18:47:50 IST" skipped="0">
  <testcase classname="api.Test.Contacts_CRUD" name="createUser" time="1.628"/>
  <testcase classname="api.Test.Contacts_CRUD" name="viewContact" time="1.370"/>
  <testcase classname="api.Test.Contacts_CRUD" name="editContactDeatils" time="1.646"/>
  <testcase classname="api.Test.Contacts_CRUD" name="viewContactAfterUpdate" time="1.357"/>
  <testcase classname="api.Test.Contacts_CRUD" name="deleteContact" time="1.542"/>
  <testcase classname="api.Test.Contacts_CRUD" name="viewContactAfterDelete" time="1.402"/>
</testsuite> <!-- api.Test.Contacts_CRUD -->
