<?xml version="1.0" encoding="UTF-8"?>
<!-- Generated by org.testng.reporters.JUnitReportReporter -->
<testsuite hostname="Nikhil-LP" failures="0" tests="2" name="api.Test.UserTest" time="12.555" errors="0" timestamp="2025-01-15T18:47:50 IST" skipped="0">
  <testcase classname="api.Test.UserTest" name="createUser" time="11.875"/>
  <testcase classname="api.Test.UserTest" name="updateUser" time="0.680"/>
</testsuite> <!-- api.Test.UserTest -->
