<?xml version="1.0" encoding="UTF-8"?>
<!-- Generated by org.testng.reporters.JUnitReportReporter -->
<testsuite hostname="Nikhil-LP" failures="0" tests="2" name="api.Test.UserTest2" time="1.237" errors="0" timestamp="2025-01-15T18:47:50 IST" skipped="0">
  <testcase classname="api.Test.UserTest2" name="createUser" time="0.582"/>
  <testcase classname="api.Test.UserTest2" name="updateUser" time="0.655"/>
</testsuite> <!-- api.Test.UserTest2 -->
