<?xml version="1.0" encoding="UTF-8"?>
<!-- Generated by org.testng.reporters.JUnitReportReporter -->
<testsuite hostname="Nikhil-LP" failures="0" tests="2" name="api.Test.UserTest2" time="1.384" errors="0" timestamp="2025-01-10T23:59:25 IST" skipped="0">
  <testcase classname="api.Test.UserTest2" name="createUser" time="0.578"/>
  <testcase classname="api.Test.UserTest2" name="updateUser" time="0.806"/>
</testsuite> <!-- api.Test.UserTest2 -->
