<?xml version="1.0" encoding="UTF-8"?>
<!-- Generated by org.testng.reporters.JUnitReportReporter -->
<testsuite hostname="Nikhil-LP" failures="0" tests="1" name="api.Test.Contacts_CRUD" time="2.937" errors="0" timestamp="2025-01-10T23:59:25 IST" skipped="0">
  <testcase classname="api.Test.Contacts_CRUD" name="setUpData" time="2.937"/>
</testsuite> <!-- api.Test.Contacts_CRUD -->
